{"logTime": "0327/070217", "correlationVector":"wItH7mWMEaIzD0C52nkou8.116","action":"GetUpdates", "result":"DeleteReceived", "context":{"id":"fb104aad-f00e-4c46-bd7c-2596bae23212", "isDeleted:":"true", "version":"1678601442565"}}
{"logTime": "0327/070217", "correlationVector":"wItH7mWMEaIzD0C52nkou8.117","action":"GetUpdates", "result":"DeleteReceived", "context":{"id":"78e54eae-c0dd-47ba-92fe-d1f5e5b1228d", "isDeleted:":"true", "version":"1678601442566"}}
{"logTime": "0327/070217", "correlationVector":"wItH7mWMEaIzD0C52nkou8.118","action":"GetUpdates", "result":"DeleteReceived", "context":{"id":"38812931-3a2a-4f4a-8abf-e98385ce1437", "isDeleted:":"true", "version":"1678601442568"}}
{"logTime": "0327/070217", "correlationVector":"wItH7mWMEaIzD0C52nkou8.119","action":"GetUpdates", "result":"DeleteReceived", "context":{"id":"ac47691f-d184-4e21-96aa-ed4f35072d8e", "isDeleted:":"true", "version":"1678601442572"}}
{"logTime": "0327/070217", "correlationVector":"wItH7mWMEaIzD0C52nkou8.120","action":"GetUpdates", "result":"DeleteReceived", "context":{"id":"ba6d8898-0050-48de-b4d9-8dc9b3b8f873", "isDeleted:":"true", "version":"1678601442573"}}
{"logTime": "0327/070217", "correlationVector":"wItH7mWMEaIzD0C52nkou8.121","action":"GetUpdates", "result":"DeleteReceived", "context":{"id":"3fe0009b-6f9e-4bdf-8694-e548115ade02", "isDeleted:":"true", "version":"1678601442574"}}
{"logTime": "0327/070217", "correlationVector":"wItH7mWMEaIzD0C52nkou8.122","action":"GetUpdates", "result":"DeleteReceived", "context":{"id":"6c217d03-7030-43e5-815d-07b41afbe3aa", "isDeleted:":"true", "version":"1678601442577"}}
{"logTime": "0327/070217", "correlationVector":"wItH7mWMEaIzD0C52nkou8.123","action":"GetUpdates", "result":"DeleteReceived", "context":{"id":"513d3bf2-9ba3-4497-9ad5-98739ced1886", "isDeleted:":"true", "version":"1678601442579"}}
{"logTime": "0327/070217", "correlationVector":"wItH7mWMEaIzD0C52nkou8.124","action":"GetUpdates", "result":"DeleteReceived", "context":{"id":"7267c619-ce6c-4915-a93f-8ae54dd463eb", "isDeleted:":"true", "version":"1678601444037"}}
{"logTime": "0327/070217", "correlationVector":"wItH7mWMEaIzD0C52nkou8.125","action":"GetUpdates", "result":"DeleteReceived", "context":{"id":"b87c65ca-3eee-4571-8c61-9c197494f65e", "isDeleted:":"true", "version":"1678601444039"}}
{"logTime": "0327/070217", "correlationVector":"wItH7mWMEaIzD0C52nkou8.126","action":"GetUpdates", "result":"DeleteReceived", "context":{"id":"ceacfcb5-95df-4974-81a8-1e91af2f30a6", "isDeleted:":"true", "version":"1678601444041"}}
{"logTime": "0327/070217", "correlationVector":"wItH7mWMEaIzD0C52nkou8.127","action":"GetUpdates", "result":"DeleteReceived", "context":{"id":"899e7c8c-110d-4813-bdec-f001e25fde61", "isDeleted:":"true", "version":"1678601444042"}}
{"logTime": "0327/070217", "correlationVector":"wItH7mWMEaIzD0C52nkou8.128","action":"GetUpdates", "result":"DeleteReceived", "context":{"id":"99479476-27de-440b-a863-65efa277208e", "isDeleted:":"true", "version":"1678601444044"}}
{"logTime": "0327/070217", "correlationVector":"wItH7mWMEaIzD0C52nkou8.129","action":"GetUpdates", "result":"DeleteReceived", "context":{"id":"43b49bc9-a4b8-4558-9d8d-32ab30830de9", "isDeleted:":"true", "version":"1678601444048"}}
{"logTime": "0327/070217", "correlationVector":"wItH7mWMEaIzD0C52nkou8.130","action":"GetUpdates", "result":"DeleteReceived", "context":{"id":"9b0cf26f-4311-45ad-aa0a-1d23fce9ee03", "isDeleted:":"true", "version":"1678601444053"}}
{"logTime": "0327/070217", "correlationVector":"wItH7mWMEaIzD0C52nkou8.131","action":"GetUpdates", "result":"DeleteReceived", "context":{"id":"1ad3de85-1b2e-4ec1-b9fc-03d1c1913e41", "isDeleted:":"true", "version":"1678601444054"}}
{"logTime": "0327/070217", "correlationVector":"wItH7mWMEaIzD0C52nkou8.132","action":"GetUpdates", "result":"DeleteReceived", "context":{"id":"a2b5a014-12bf-462a-b557-eb0d1250a90a", "isDeleted:":"true", "version":"1678601444967"}}
{"logTime": "0327/070217", "correlationVector":"wItH7mWMEaIzD0C52nkou8.133","action":"GetUpdates", "result":"DeleteReceived", "context":{"id":"f74f7d4d-78ae-4148-9718-ce0035334a7d", "isDeleted:":"true", "version":"1678601444968"}}
{"logTime": "0327/070217", "correlationVector":"wItH7mWMEaIzD0C52nkou8.134","action":"GetUpdates", "result":"DeleteReceived", "context":{"id":"b7489e9c-103f-4396-a99a-1ba9d3118bcc", "isDeleted:":"true", "version":"1678603791164"}}
{"logTime": "0327/070217", "correlationVector":"wItH7mWMEaIzD0C52nkou8.135","action":"GetUpdates", "result":"DeleteReceived", "context":{"id":"1721857d-d725-4762-848b-bdbc7a3fb250", "isDeleted:":"true", "version":"1678604412170"}}
{"logTime": "0327/070217", "correlationVector":"wItH7mWMEaIzD0C52nkou8.136","action":"GetUpdates", "result":"DeleteReceived", "context":{"id":"6a1c493f-fe6f-4cba-a1e8-84a2fbc7ab97", "isDeleted:":"true", "version":"1678630612500"}}
{"logTime": "0327/070217", "correlationVector":"wItH7mWMEaIzD0C52nkou8.137","action":"GetUpdates", "result":"DeleteReceived", "context":{"id":"59133b33-2e36-45fc-b62d-17c85886e0db", "isDeleted:":"true", "version":"1678630612504"}}
{"logTime": "0327/070217", "correlationVector":"wItH7mWMEaIzD0C52nkou8.138","action":"GetUpdates", "result":"DeleteReceived", "context":{"id":"7b8ab921-98c2-49b9-b6b8-73a8fdfd8d83", "isDeleted:":"true", "version":"1678630612506"}}
{"logTime": "0327/070217", "correlationVector":"wItH7mWMEaIzD0C52nkou8.139","action":"GetUpdates", "result":"DeleteReceived", "context":{"id":"05196ba9-9b33-4cd0-a07c-368b6cdc889f", "isDeleted:":"true", "version":"1678630612507"}}
{"logTime": "0327/070217", "correlationVector":"wItH7mWMEaIzD0C52nkou8.140","action":"GetUpdates", "result":"DeleteReceived", "context":{"id":"647780d3-adad-476b-a50a-019691228bfd", "isDeleted:":"true", "version":"1678630612508"}}
{"logTime": "0327/070217", "correlationVector":"wItH7mWMEaIzD0C52nkou8.141","action":"GetUpdates", "result":"DeleteReceived", "context":{"id":"7ae69cbd-4bef-4046-a90c-84c084a73fe7", "isDeleted:":"true", "version":"1678630612512"}}
{"logTime": "0327/070217", "correlationVector":"wItH7mWMEaIzD0C52nkou8.142","action":"GetUpdates", "result":"DeleteReceived", "context":{"id":"7e2a6dc7-25f1-407b-b591-ef86b296ef49", "isDeleted:":"true", "version":"1678630612513"}}
{"logTime": "0327/070217", "correlationVector":"wItH7mWMEaIzD0C52nkou8.143","action":"GetUpdates", "result":"DeleteReceived", "context":{"id":"f962d8f0-355a-4572-b2a3-ff6468b325f0", "isDeleted:":"true", "version":"1678630612515"}}
{"logTime": "0327/070217", "correlationVector":"wItH7mWMEaIzD0C52nkou8.144","action":"GetUpdates", "result":"DeleteReceived", "context":{"id":"1966298a-b74c-4793-a3ff-014e50b598a8", "isDeleted:":"true", "version":"1678630613887"}}
{"logTime": "0327/070217", "correlationVector":"wItH7mWMEaIzD0C52nkou8.145","action":"GetUpdates", "result":"DeleteReceived", "context":{"id":"07e23e4b-5feb-4f2d-a773-14ef4e5a0054", "isDeleted:":"true", "version":"1678630613889"}}
{"logTime": "0327/070217", "correlationVector":"wItH7mWMEaIzD0C52nkou8.146","action":"GetUpdates", "result":"DeleteReceived", "context":{"id":"84e41d4e-42f9-4c76-9fcb-dea638982714", "isDeleted:":"true", "version":"1678630613892"}}
{"logTime": "0327/070217", "correlationVector":"wItH7mWMEaIzD0C52nkou8.147","action":"GetUpdates", "result":"DeleteReceived", "context":{"id":"e95ee9fc-d86d-4f2b-83f6-90530fd6f31a", "isDeleted:":"true", "version":"1678630613894"}}
{"logTime": "0327/070217", "correlationVector":"wItH7mWMEaIzD0C52nkou8.148","action":"GetUpdates", "result":"DeleteReceived", "context":{"id":"1d4469d5-1e8c-4fe8-b3dc-e56653f1c55c", "isDeleted:":"true", "version":"1678630613895"}}
{"logTime": "0327/070217", "correlationVector":"wItH7mWMEaIzD0C52nkou8.149","action":"GetUpdates", "result":"DeleteReceived", "context":{"id":"d10e561b-6129-4296-9e6d-84c0fdafc494", "isDeleted:":"true", "version":"1678630613896"}}
{"logTime": "0327/070217", "correlationVector":"wItH7mWMEaIzD0C52nkou8.150","action":"GetUpdates", "result":"DeleteReceived", "context":{"id":"3227cf1f-93a2-45c9-b9a9-b11a94135444", "isDeleted:":"true", "version":"1678630613898"}}
{"logTime": "0327/070217", "correlationVector":"wItH7mWMEaIzD0C52nkou8.151","action":"GetUpdates", "result":"DeleteReceived", "context":{"id":"e6761723-bbc3-4cd6-977d-1b2f0ba66a9b", "isDeleted:":"true", "version":"1678630613899"}}
{"logTime": "0327/070217", "correlationVector":"wItH7mWMEaIzD0C52nkou8.152","action":"GetUpdates", "result":"DeleteReceived", "context":{"id":"48530a70-c919-441f-bf88-6f91a576f938", "isDeleted:":"true", "version":"1678630613900"}}
{"logTime": "0327/070217", "correlationVector":"wItH7mWMEaIzD0C52nkou8.153","action":"GetUpdates", "result":"DeleteReceived", "context":{"id":"cefcb31a-afed-4683-9c86-a1210394c7c8", "isDeleted:":"true", "version":"1678630613901"}}
{"logTime": "0327/070217", "correlationVector":"wItH7mWMEaIzD0C52nkou8.154","action":"GetUpdates", "result":"DeleteReceived", "context":{"id":"5a84dda8-a005-4b6d-9b7e-9343b0e465d6", "isDeleted:":"true", "version":"1678630613903"}}
{"logTime": "0327/070217", "correlationVector":"wItH7mWMEaIzD0C52nkou8.155","action":"GetUpdates", "result":"DeleteReceived", "context":{"id":"cfd5a94d-50b9-43f8-9d67-5016771eed03", "isDeleted:":"true", "version":"1678693698479"}}
{"logTime": "0327/070217", "correlationVector":"wItH7mWMEaIzD0C52nkou8.156","action":"GetUpdates", "result":"DeleteReceived", "context":{"id":"c6458326-f1c9-4872-9cf3-b1d648803068", "isDeleted:":"true", "version":"1678693698480"}}
{"logTime": "0327/070217", "correlationVector":"wItH7mWMEaIzD0C52nkou8.157","action":"GetUpdates", "result":"DeleteReceived", "context":{"id":"1a571242-819a-4ab9-a5b5-3b45577000eb", "isDeleted:":"true", "version":"1678693698481"}}
{"logTime": "0327/070217", "correlationVector":"wItH7mWMEaIzD0C52nkou8.158","action":"GetUpdates", "result":"DeleteReceived", "context":{"id":"b9c860c3-6f47-453a-9f76-283e26195515", "isDeleted:":"true", "version":"1678767499497"}}
{"logTime": "0327/070217", "correlationVector":"wItH7mWMEaIzD0C52nkou8.159","action":"GetUpdates", "result":"DeleteReceived", "context":{"id":"67024be8-83d8-4c11-b853-c6cc14ab1287", "isDeleted:":"true", "version":"1678767499499"}}
{"logTime": "0327/070217", "correlationVector":"wItH7mWMEaIzD0C52nkou8.160","action":"GetUpdates", "result":"DeleteReceived", "context":{"id":"36c7f8fd-53c3-4646-b502-9cd6dd3e6e71", "isDeleted:":"true", "version":"1678767499500"}}
{"logTime": "0327/070217", "correlationVector":"wItH7mWMEaIzD0C52nkou8.161","action":"GetUpdates", "result":"DeleteReceived", "context":{"id":"c32dd8cd-fb26-41e6-82e4-23b49578d032", "isDeleted:":"true", "version":"1678767499501"}}
{"logTime": "0327/070217", "correlationVector":"wItH7mWMEaIzD0C52nkou8.162","action":"GetUpdates", "result":"DeleteReceived", "context":{"id":"bf0a2a48-3d4f-4ba2-a2a7-7d96b04b4560", "isDeleted:":"true", "version":"1678767499503"}}
{"logTime": "0327/070217", "correlationVector":"wItH7mWMEaIzD0C52nkou8.163","action":"GetUpdates", "result":"DeleteReceived", "context":{"id":"dba76f76-c1e5-4411-a609-9ee7b008702a", "isDeleted:":"true", "version":"1678767499506"}}
{"logTime": "0327/070217", "correlationVector":"wItH7mWMEaIzD0C52nkou8.164","action":"GetUpdates", "result":"DeleteReceived", "context":{"id":"7d2e1bb8-c356-4efb-a50a-4550d7a5224a", "isDeleted:":"true", "version":"1678767499508"}}
{"logTime": "0327/070217", "correlationVector":"wItH7mWMEaIzD0C52nkou8.165","action":"GetUpdates", "result":"DeleteReceived", "context":{"id":"cc22acf4-08e5-49fa-ac2d-25badf5b7e17", "isDeleted:":"true", "version":"1678767499510"}}
{"logTime": "0327/070217", "correlationVector":"wItH7mWMEaIzD0C52nkou8.166","action":"GetUpdates", "result":"DeleteReceived", "context":{"id":"8cb39bae-0539-4483-9b8a-dacdc59c3b94", "isDeleted:":"true", "version":"1678767499512"}}
{"logTime": "0327/070217", "correlationVector":"wItH7mWMEaIzD0C52nkou8.167","action":"GetUpdates", "result":"DeleteReceived", "context":{"id":"2434acce-3195-49f8-a577-d5559ec75752", "isDeleted:":"true", "version":"1678767499514"}}
{"logTime": "0327/070217", "correlationVector":"wItH7mWMEaIzD0C52nkou8.168","action":"GetUpdates", "result":"DeleteReceived", "context":{"id":"49fc2757-a033-4121-b5a8-f84e8b3e782d", "isDeleted:":"true", "version":"1678767501005"}}
{"logTime": "0327/070217", "correlationVector":"wItH7mWMEaIzD0C52nkou8.169","action":"GetUpdates", "result":"DeleteReceived", "context":{"id":"eaa58ebd-aafc-4dc1-92ed-48d49c73857b", "isDeleted:":"true", "version":"1678767501006"}}
{"logTime": "0327/070217", "correlationVector":"wItH7mWMEaIzD0C52nkou8.170","action":"GetUpdates", "result":"DeleteReceived", "context":{"id":"7a3a329b-6b5c-4a07-ab29-70b6c50f539c", "isDeleted:":"true", "version":"1678767501007"}}
{"logTime": "0327/070217", "correlationVector":"wItH7mWMEaIzD0C52nkou8.171","action":"GetUpdates", "result":"DeleteReceived", "context":{"id":"83104858-cb4f-49e8-bdb8-41d082190c7b", "isDeleted:":"true", "version":"1678767501011"}}
{"logTime": "0327/070217", "correlationVector":"wItH7mWMEaIzD0C52nkou8.172","action":"GetUpdates", "result":"DeleteReceived", "context":{"id":"1ca1b723-cc78-46b9-bbe3-46727b6b2603", "isDeleted:":"true", "version":"1678767501016"}}
{"logTime": "0327/070217", "correlationVector":"wItH7mWMEaIzD0C52nkou8.173","action":"GetUpdates", "result":"DeleteReceived", "context":{"id":"a891c7cc-b3c9-4c80-b7df-1c41027163a1", "isDeleted:":"true", "version":"1678767501018"}}
{"logTime": "0327/070217", "correlationVector":"wItH7mWMEaIzD0C52nkou8.174","action":"GetUpdates", "result":"DeleteReceived", "context":{"id":"dbe01e47-e013-4458-a290-4b08a6250467", "isDeleted:":"true", "version":"1678767501019"}}
{"logTime": "0327/070217", "correlationVector":"wItH7mWMEaIzD0C52nkou8.175","action":"GetUpdates", "result":"DeleteReceived", "context":{"id":"c6a9e21d-d336-42de-801c-3751be9aae61", "isDeleted:":"true", "version":"1678789762335"}}
{"logTime": "0327/070217", "correlationVector":"wItH7mWMEaIzD0C52nkou8.176","action":"GetUpdates", "result":"DeleteReceived", "context":{"id":"f4f62716-8e83-4e32-ba5c-b28a93533ca3", "isDeleted:":"true", "version":"1678789762336"}}
{"logTime": "0327/070217", "correlationVector":"wItH7mWMEaIzD0C52nkou8.177","action":"GetUpdates", "result":"DeleteReceived", "context":{"id":"28cd6a1d-a97a-441f-8d47-d9b6e4063778", "isDeleted:":"true", "version":"1678789762337"}}
{"logTime": "0327/070217", "correlationVector":"wItH7mWMEaIzD0C52nkou8.178","action":"GetUpdates", "result":"DeleteReceived", "context":{"id":"870ef3bd-3f45-4fd0-9ee7-d1ca27f061ab", "isDeleted:":"true", "version":"1678794232017"}}
{"logTime": "0327/070217", "correlationVector":"wItH7mWMEaIzD0C52nkou8.179","action":"GetUpdates", "result":"DeleteReceived", "context":{"id":"6d66c2e0-7c84-47cc-b33c-13416e3ca6fb", "isDeleted:":"true", "version":"1678794824879"}}
{"logTime": "0327/070217", "correlationVector":"wItH7mWMEaIzD0C52nkou8.180","action":"GetUpdates", "result":"DeleteReceived", "context":{"id":"5d1257cf-2cb1-4cdb-92ec-470300e20c4e", "isDeleted:":"true", "version":"1678795194579"}}
{"logTime": "0327/070217", "correlationVector":"wItH7mWMEaIzD0C52nkou8.181","action":"GetUpdates", "result":"DeleteReceived", "context":{"id":"47a28dd7-d0af-4596-a56c-38db947a939a", "isDeleted:":"true", "version":"1678798806453"}}
{"logTime": "0327/070217", "correlationVector":"wItH7mWMEaIzD0C52nkou8.182","action":"GetUpdates", "result":"DeleteReceived", "context":{"id":"77936a02-7d96-43d1-b0f8-06a03d9fcb1b", "isDeleted:":"true", "version":"1678798806454"}}
{"logTime": "0327/070217", "correlationVector":"wItH7mWMEaIzD0C52nkou8.183","action":"GetUpdates", "result":"DeleteReceived", "context":{"id":"3bacdd76-a79d-435c-95a0-824aaa4cb95f", "isDeleted:":"true", "version":"1678798806455"}}
{"logTime": "0327/070217", "correlationVector":"wItH7mWMEaIzD0C52nkou8.184","action":"GetUpdates", "result":"DeleteReceived", "context":{"id":"2198801b-d927-4d8c-94e6-8a7ebe2d6c3f", "isDeleted:":"true", "version":"1678798806457"}}
{"logTime": "0327/070217", "correlationVector":"wItH7mWMEaIzD0C52nkou8.185","action":"GetUpdates", "result":"DeleteReceived", "context":{"id":"1637c9d4-e755-4792-8a43-5721f528d345", "isDeleted:":"true", "version":"1678800592431"}}
{"logTime": "0327/070217", "correlationVector":"wItH7mWMEaIzD0C52nkou8.186","action":"GetUpdates", "result":"DeleteReceived", "context":{"id":"13dbd537-8d2c-462d-a181-0a2312daef55", "isDeleted:":"true", "version":"1678809043959"}}
{"logTime": "0327/070217", "correlationVector":"wItH7mWMEaIzD0C52nkou8.187","action":"GetUpdates", "result":"DeleteReceived", "context":{"id":"82d859ce-3ef6-4b2b-aa6c-35818b768884", "isDeleted:":"true", "version":"1678809459522"}}
{"logTime": "0327/070217", "correlationVector":"wItH7mWMEaIzD0C52nkou8.188","action":"GetUpdates", "result":"DeleteReceived", "context":{"id":"0350a81f-b4c4-448c-80c4-73da6a3e1db8", "isDeleted:":"true", "version":"1678809954956"}}
{"logTime": "0327/070217", "correlationVector":"wItH7mWMEaIzD0C52nkou8.189","action":"GetUpdates", "result":"DeleteReceived", "context":{"id":"049f110b-a736-419b-988e-69a517afba49", "isDeleted:":"true", "version":"1678816530249"}}
{"logTime": "0327/070217", "correlationVector":"wItH7mWMEaIzD0C52nkou8.190","action":"GetUpdates", "result":"DeleteReceived", "context":{"id":"00fc3c4d-caf4-4d9e-bcc1-da71cf2e7414", "isDeleted:":"true", "version":"1678859690256"}}
{"logTime": "0327/070217", "correlationVector":"wItH7mWMEaIzD0C52nkou8.191","action":"GetUpdates", "result":"DeleteReceived", "context":{"id":"b855504b-ee99-4a84-a5cd-5fa4817c0627", "isDeleted:":"true", "version":"1678859690258"}}
{"logTime": "0327/070217", "correlationVector":"wItH7mWMEaIzD0C52nkou8.192","action":"GetUpdates", "result":"DeleteReceived", "context":{"id":"fc937df6-db44-4d21-9216-40aac35bb579", "isDeleted:":"true", "version":"1678859690260"}}
{"logTime": "0327/070217", "correlationVector":"wItH7mWMEaIzD0C52nkou8.193","action":"GetUpdates", "result":"DeleteReceived", "context":{"id":"0286e081-d1f9-4928-ac75-c55ae1e0f126", "isDeleted:":"true", "version":"1678859690262"}}
{"logTime": "0327/070217", "correlationVector":"wItH7mWMEaIzD0C52nkou8.194","action":"GetUpdates", "result":"DeleteReceived", "context":{"id":"774bba0b-c3d7-4f63-8d34-f152d3d28ae3", "isDeleted:":"true", "version":"1678859690263"}}
{"logTime": "0327/070217", "correlationVector":"wItH7mWMEaIzD0C52nkou8.195","action":"GetUpdates", "result":"DeleteReceived", "context":{"id":"4c7374df-f8c5-4c70-9e2e-dc1229023c18", "isDeleted:":"true", "version":"1678859690265"}}
{"logTime": "0327/070217", "correlationVector":"wItH7mWMEaIzD0C52nkou8.196","action":"GetUpdates", "result":"DeleteReceived", "context":{"id":"2872bd1f-7999-49c5-82dd-f11f39915a66", "isDeleted:":"true", "version":"1678859690267"}}
{"logTime": "0327/070217", "correlationVector":"wItH7mWMEaIzD0C52nkou8.197","action":"GetUpdates", "result":"DeleteReceived", "context":{"id":"0abf6ea3-f6a1-4e2e-9d3e-00e1cce65301", "isDeleted:":"true", "version":"1678859690269"}}
{"logTime": "0327/070217", "correlationVector":"wItH7mWMEaIzD0C52nkou8.198","action":"GetUpdates", "result":"DeleteReceived", "context":{"id":"e371a171-0fa4-4976-974f-5e72d1c53c97", "isDeleted:":"true", "version":"1678859690270"}}
{"logTime": "0327/070217", "correlationVector":"wItH7mWMEaIzD0C52nkou8.199","action":"GetUpdates", "result":"DeleteReceived", "context":{"id":"7115267f-878d-4cf7-af80-af3377d18bed", "isDeleted:":"true", "version":"1678859690271"}}
{"logTime": "0327/070217", "correlationVector":"wItH7mWMEaIzD0C52nkou8.200","action":"GetUpdates", "result":"DeleteReceived", "context":{"id":"691a171d-63b8-4f1a-8877-70362626d9e9", "isDeleted:":"true", "version":"1678859690273"}}
{"logTime": "0327/070217", "correlationVector":"wItH7mWMEaIzD0C52nkou8.201","action":"GetUpdates", "result":"DeleteReceived", "context":{"id":"2833597f-8d16-4721-9215-7cacbec30f28", "isDeleted:":"true", "version":"1678859691730"}}
{"logTime": "0327/070217", "correlationVector":"wItH7mWMEaIzD0C52nkou8.202","action":"GetUpdates", "result":"DeleteReceived", "context":{"id":"80fdaaaa-97f9-4021-a7e0-f73013083126", "isDeleted:":"true", "version":"1678859691731"}}
{"logTime": "0327/070217", "correlationVector":"wItH7mWMEaIzD0C52nkou8.203","action":"GetUpdates", "result":"DeleteReceived", "context":{"id":"761cd4cc-eaa0-47b7-be2a-e60682d9b1cc", "isDeleted:":"true", "version":"1678859691732"}}
{"logTime": "0327/070217", "correlationVector":"wItH7mWMEaIzD0C52nkou8.204","action":"GetUpdates", "result":"DeleteReceived", "context":{"id":"bff8d4e5-a158-41da-b8c4-1421f7200866", "isDeleted:":"true", "version":"1678859691734"}}
{"logTime": "0327/070217", "correlationVector":"wItH7mWMEaIzD0C52nkou8.205","action":"GetUpdates", "result":"DeleteReceived", "context":{"id":"87faeb7b-dfbb-461f-a594-99e2d84124ab", "isDeleted:":"true", "version":"1678859691735"}}
{"logTime": "0327/070217", "correlationVector":"wItH7mWMEaIzD0C52nkou8.206","action":"GetUpdates", "result":"DeleteReceived", "context":{"id":"bd966f85-43c6-44b1-9f7e-f14b9360f596", "isDeleted:":"true", "version":"1678859691739"}}
{"logTime": "0327/070217", "correlationVector":"wItH7mWMEaIzD0C52nkou8.207","action":"GetUpdates", "result":"DeleteReceived", "context":{"id":"2c976a5d-b0bb-4621-a331-3c6b6d851d41", "isDeleted:":"true", "version":"1678943459074"}}
{"logTime": "0327/070217", "correlationVector":"wItH7mWMEaIzD0C52nkou8.208","action":"GetUpdates", "result":"DeleteReceived", "context":{"id":"f2982a80-c6be-431a-a8f6-894b379dfd93", "isDeleted:":"true", "version":"1678944193610"}}
{"logTime": "0327/070217", "correlationVector":"wItH7mWMEaIzD0C52nkou8.209","action":"GetUpdates", "result":"DeleteReceived", "context":{"id":"0732d3ee-0919-4548-b804-c486762c6257", "isDeleted:":"true", "version":"1678944234160"}}
{"logTime": "0327/070217", "correlationVector":"wItH7mWMEaIzD0C52nkou8.210","action":"GetUpdates", "result":"DeleteReceived", "context":{"id":"258b2fee-c8da-4191-8557-5cd35cd6df66", "isDeleted:":"true", "version":"1678944234161"}}
{"logTime": "0327/070217", "correlationVector":"wItH7mWMEaIzD0C52nkou8.211","action":"GetUpdates", "result":"DeleteReceived", "context":{"id":"418f461f-16a5-4f51-814f-27959846cc86", "isDeleted:":"true", "version":"1678944234162"}}
{"logTime": "0327/070217", "correlationVector":"wItH7mWMEaIzD0C52nkou8.212","action":"GetUpdates", "result":"DeleteReceived", "context":{"id":"ed2ff680-dd26-44b5-9c8a-d2be15225ccb", "isDeleted:":"true", "version":"1678944265788"}}
{"logTime": "0327/070217", "correlationVector":"wItH7mWMEaIzD0C52nkou8.213","action":"GetUpdates", "result":"DeleteReceived", "context":{"id":"21d537e6-69fe-4b96-92cc-73bd4e806b9e", "isDeleted:":"true", "version":"1678944265789"}}
{"logTime": "0327/070217", "correlationVector":"wItH7mWMEaIzD0C52nkou8.214","action":"GetUpdates", "result":"DeleteReceived", "context":{"id":"48625b73-22c3-4e31-8b6b-34ae3ea8ee10", "isDeleted:":"true", "version":"1678945260263"}}
{"logTime": "0327/070217", "correlationVector":"wItH7mWMEaIzD0C52nkou8.215","action":"GetUpdates", "result":"DeleteReceived", "context":{"id":"292284dd-7f38-47b0-9c99-c7e98efa6970", "isDeleted:":"true", "version":"1678945760173"}}
{"logTime": "0327/070217", "correlationVector":"wItH7mWMEaIzD0C52nkou8.216","action":"GetUpdates", "result":"DeleteReceived", "context":{"id":"7ee0b811-b650-41dc-9376-5f193073524b", "isDeleted:":"true", "version":"1678945760174"}}
{"logTime": "0327/070217", "correlationVector":"wItH7mWMEaIzD0C52nkou8.217","action":"GetUpdates", "result":"DeleteReceived", "context":{"id":"248b1f99-f0ae-43fe-83ee-4663e988edc2", "isDeleted:":"true", "version":"1678947119722"}}
{"logTime": "0327/070217", "correlationVector":"wItH7mWMEaIzD0C52nkou8.218","action":"GetUpdates", "result":"DeleteReceived", "context":{"id":"802e19ec-1de3-4a3a-9a4c-0517cb444fe2", "isDeleted:":"true", "version":"1678947119723"}}
{"logTime": "0327/070217", "correlationVector":"wItH7mWMEaIzD0C52nkou8.219","action":"GetUpdates", "result":"DeleteReceived", "context":{"id":"62cf2d6c-4bf3-466e-8160-10133a47fd7a", "isDeleted:":"true", "version":"1678947119725"}}
{"logTime": "0327/070217", "correlationVector":"wItH7mWMEaIzD0C52nkou8.220","action":"GetUpdates", "result":"DeleteReceived", "context":{"id":"3ef33fb0-c1d1-4885-b855-5f2367a861f9", "isDeleted:":"true", "version":"1678947474243"}}
{"logTime": "0327/070217", "correlationVector":"wItH7mWMEaIzD0C52nkou8.221","action":"GetUpdates", "result":"DeleteReceived", "context":{"id":"b5b6dfa4-62c0-47be-8edb-2b963c9c19cb", "isDeleted:":"true", "version":"1678947761048"}}
{"logTime": "0327/070217", "correlationVector":"wItH7mWMEaIzD0C52nkou8.222","action":"GetUpdates", "result":"DeleteReceived", "context":{"id":"8af17267-a38c-4954-8a4a-cade4315f019", "isDeleted:":"true", "version":"1678948319113"}}
{"logTime": "0327/070217", "correlationVector":"wItH7mWMEaIzD0C52nkou8.223","action":"GetUpdates", "result":"DeleteReceived", "context":{"id":"22b24344-5de8-4537-a407-7f09f92c32d2", "isDeleted:":"true", "version":"1678948735336"}}
{"logTime": "0327/070217", "correlationVector":"wItH7mWMEaIzD0C52nkou8.224","action":"GetUpdates", "result":"DeleteReceived", "context":{"id":"c601b473-ef99-4e06-a4b6-c3c48b29bded", "isDeleted:":"true", "version":"1678948988994"}}
{"logTime": "0327/070217", "correlationVector":"wItH7mWMEaIzD0C52nkou8.225","action":"GetUpdates", "result":"DeleteReceived", "context":{"id":"c6c12366-9aed-4498-bc35-84ca6fcb9e28", "isDeleted:":"true", "version":"1678949163198"}}
{"logTime": "0327/070217", "correlationVector":"wItH7mWMEaIzD0C52nkou8.226","action":"GetUpdates", "result":"DeleteReceived", "context":{"id":"3af121a6-934f-4779-a7db-5c63cb655ebe", "isDeleted:":"true", "version":"1678951031274"}}
{"logTime": "0327/070217", "correlationVector":"wItH7mWMEaIzD0C52nkou8.227","action":"GetUpdates", "result":"DeleteReceived", "context":{"id":"97292736-86e2-4ce1-839e-3b7937a262c8", "isDeleted:":"true", "version":"1678956370602"}}
{"logTime": "0327/070217", "correlationVector":"wItH7mWMEaIzD0C52nkou8.228","action":"GetUpdates", "result":"DeleteReceived", "context":{"id":"5d635b30-8be9-409b-afae-122e2ad04b7f", "isDeleted:":"true", "version":"1678956370603"}}
{"logTime": "0327/070217", "correlationVector":"wItH7mWMEaIzD0C52nkou8.229","action":"GetUpdates", "result":"DeleteReceived", "context":{"id":"0a7d06ca-3c11-4a66-b3d6-2120d2b6d59b", "isDeleted:":"true", "version":"1678957028530"}}
{"logTime": "0327/070217", "correlationVector":"wItH7mWMEaIzD0C52nkou8.230","action":"GetUpdates", "result":"DeleteReceived", "context":{"id":"ce4e1378-80f4-410b-ad50-771ee1f81edc", "isDeleted:":"true", "version":"1678957028531"}}
{"logTime": "0327/070217", "correlationVector":"wItH7mWMEaIzD0C52nkou8.231","action":"GetUpdates", "result":"DeleteReceived", "context":{"id":"d8f03593-d4b0-4104-9348-cc2c2c32af9e", "isDeleted:":"true", "version":"1678960646576"}}
{"logTime": "0327/070217", "correlationVector":"wItH7mWMEaIzD0C52nkou8.232","action":"GetUpdates", "result":"DeleteReceived", "context":{"id":"7d05bda7-4bbe-444f-a03f-51fc3e31010d", "isDeleted:":"true", "version":"1678960889340"}}
{"logTime": "0327/070217", "correlationVector":"wItH7mWMEaIzD0C52nkou8.233","action":"GetUpdates", "result":"DeleteReceived", "context":{"id":"4498cfa8-3618-4fb4-82de-a379430a6f69", "isDeleted:":"true", "version":"1678960889341"}}
{"logTime": "0327/070217", "correlationVector":"wItH7mWMEaIzD0C52nkou8.234","action":"GetUpdates", "result":"DeleteReceived", "context":{"id":"29f77baf-f9aa-4bc3-b555-ad9f498d7a22", "isDeleted:":"true", "version":"1678965911120"}}
{"logTime": "0327/070217", "correlationVector":"wItH7mWMEaIzD0C52nkou8.235","action":"GetUpdates", "result":"DeleteReceived", "context":{"id":"73eaa6c1-d9b6-4d6c-8f15-b0b9660709b7", "isDeleted:":"true", "version":"1678965911122"}}
{"logTime": "0327/070217", "correlationVector":"wItH7mWMEaIzD0C52nkou8.236","action":"GetUpdates", "result":"DeleteReceived", "context":{"id":"fed3b7b6-7cf8-4e5f-b6d8-112f9772a2f4", "isDeleted:":"true", "version":"1678965911124"}}
{"logTime": "0327/070217", "correlationVector":"wItH7mWMEaIzD0C52nkou8.237","action":"GetUpdates", "result":"DeleteReceived", "context":{"id":"de6f1780-74e4-4665-94b1-aac29357f45d", "isDeleted:":"true", "version":"1678965911125"}}
{"logTime": "0327/070217", "correlationVector":"wItH7mWMEaIzD0C52nkou8.238","action":"GetUpdates", "result":"DeleteReceived", "context":{"id":"53041c8a-3a2d-4a40-9b4c-acc3b3f4a198", "isDeleted:":"true", "version":"1678965911127"}}
{"logTime": "0327/070217", "correlationVector":"wItH7mWMEaIzD0C52nkou8.239","action":"GetUpdates", "result":"DeleteReceived", "context":{"id":"ec531bbf-3333-4104-9a4e-35c5d17832b7", "isDeleted:":"true", "version":"1678965911131"}}
{"logTime": "0327/070217", "correlationVector":"wItH7mWMEaIzD0C52nkou8.240","action":"GetUpdates", "result":"DeleteReceived", "context":{"id":"90115a8d-0440-43df-8587-6201927ff811", "isDeleted:":"true", "version":"1678965911132"}}
{"logTime": "0327/070217", "correlationVector":"wItH7mWMEaIzD0C52nkou8.241","action":"GetUpdates", "result":"DeleteReceived", "context":{"id":"18d20416-3355-44c9-aa86-3bcf4aaa1f26", "isDeleted:":"true", "version":"1678965911133"}}
{"logTime": "0327/070217", "correlationVector":"wItH7mWMEaIzD0C52nkou8.242","action":"GetUpdates", "result":"DeleteReceived", "context":{"id":"dc945891-a780-4bb9-99b5-767b45866f21", "isDeleted:":"true", "version":"1678965913451"}}
{"logTime": "0327/070217", "correlationVector":"wItH7mWMEaIzD0C52nkou8.243","action":"GetUpdates", "result":"DeleteReceived", "context":{"id":"3b03a6d4-9797-4d52-911c-8205ac8b477a", "isDeleted:":"true", "version":"1678965913453"}}
{"logTime": "0327/070217", "correlationVector":"wItH7mWMEaIzD0C52nkou8.244","action":"GetUpdates", "result":"DeleteReceived", "context":{"id":"22e6e20d-f799-4eeb-b5bd-13708b0bf3d8", "isDeleted:":"true", "version":"1678965913456"}}
{"logTime": "0327/070217", "correlationVector":"wItH7mWMEaIzD0C52nkou8.245","action":"GetUpdates", "result":"DeleteReceived", "context":{"id":"7a5c7250-6250-4ad9-a8ba-3b68035a470d", "isDeleted:":"true", "version":"1678965913457"}}
{"logTime": "0327/070217", "correlationVector":"wItH7mWMEaIzD0C52nkou8.246","action":"GetUpdates", "result":"DeleteReceived", "context":{"id":"b5d766fe-ad32-4b89-8c07-c20ad125560c", "isDeleted:":"true", "version":"1678965913458"}}
{"logTime": "0327/070217", "correlationVector":"wItH7mWMEaIzD0C52nkou8.247","action":"GetUpdates Response", "result":"SERVER_MORE_TO_DOWNLOAD", "context":Received 250 update(s).  Some updates remain.}
{"logTime": "0327/070217", "correlationVector":"BMfP824ZmGMKh7LQOOOH6/","action":"Normal GetUpdate request", "result":"", "context":cV=BMfP824ZmGMKh7LQOOOH6/
Nudged types: Sessions, User Consents
Refresh requested types: Bookmarks, Preferences, Autofill Custom Data, Typed URLs, Extensions, Sessions, Extension settings, History Delete Directives, Device Info, User Consents, Send Tab To Self, Web Apps, Collection, Edge E Drop, Encryption Keys}
{"logTime": "0327/070220", "correlationVector":"BMfP824ZmGMKh7LQOOOH6/.1","action":"SyncServerConnectionManagerRequest", "result":"SYNC_SERVER_OK", "context":{"environment":"Prod_NorthEurope_000h", "migrationStage":"NotStarted", "server":"GENERAL0100002C"}}
{"logTime": "0327/070220", "correlationVector":"BMfP824ZmGMKh7LQOOOH6/.2","action":"GetUpdates", "result":"DeleteReceived", "context":{"id":"d3686c54-def6-4de9-9376-636e9534646b", "isDeleted:":"true", "version":"1679899298103"}}
{"logTime": "0327/070220", "correlationVector":"BMfP824ZmGMKh7LQOOOH6/.3","action":"GetUpdates", "result":"DeleteReceived", "context":{"id":"1cda9861-d1e8-4b60-a29e-80465766d707", "isDeleted:":"true", "version":"1678965913459"}}
{"logTime": "0327/070220", "correlationVector":"BMfP824ZmGMKh7LQOOOH6/.4","action":"GetUpdates", "result":"DeleteReceived", "context":{"id":"7901d7dd-29f7-49e6-bd9c-5c8e81246aa0", "isDeleted:":"true", "version":"1678965913461"}}
{"logTime": "0327/070220", "correlationVector":"BMfP824ZmGMKh7LQOOOH6/.5","action":"GetUpdates", "result":"DeleteReceived", "context":{"id":"b707f665-c56d-4a82-86af-4bf7aa48c01b", "isDeleted:":"true", "version":"1678965913465"}}
{"logTime": "0327/070220", "correlationVector":"BMfP824ZmGMKh7LQOOOH6/.6","action":"GetUpdates", "result":"DeleteReceived", "context":{"id":"e382a828-ab75-40ac-a605-bc74c037ad11", "isDeleted:":"true", "version":"1678965913469"}}
{"logTime": "0327/070220", "correlationVector":"BMfP824ZmGMKh7LQOOOH6/.7","action":"GetUpdates", "result":"DeleteReceived", "context":{"id":"00177b7e-88ae-4426-b71c-32c8c384d475", "isDeleted:":"true", "version":"1678965915915"}}
{"logTime": "0327/070220", "correlationVector":"BMfP824ZmGMKh7LQOOOH6/.8","action":"GetUpdates", "result":"DeleteReceived", "context":{"id":"5ead2361-a626-436a-a9ea-fa0675b47b98", "isDeleted:":"true", "version":"1678965915917"}}
{"logTime": "0327/070220", "correlationVector":"BMfP824ZmGMKh7LQOOOH6/.9","action":"GetUpdates", "result":"DeleteReceived", "context":{"id":"47b3b1c4-d160-49f1-aead-570c06d9ba24", "isDeleted:":"true", "version":"1678965915918"}}
{"logTime": "0327/070220", "correlationVector":"BMfP824ZmGMKh7LQOOOH6/.10","action":"GetUpdates", "result":"DeleteReceived", "context":{"id":"c48fd0f6-72d4-4d21-a748-501f8bebe0fa", "isDeleted:":"true", "version":"1678975256927"}}
{"logTime": "0327/070220", "correlationVector":"BMfP824ZmGMKh7LQOOOH6/.11","action":"GetUpdates", "result":"DeleteReceived", "context":{"id":"86002856-2e8a-44ad-80b5-1b43c81c7a99", "isDeleted:":"true", "version":"1678975256928"}}
{"logTime": "0327/070220", "correlationVector":"BMfP824ZmGMKh7LQOOOH6/.12","action":"GetUpdates", "result":"DeleteReceived", "context":{"id":"2b63bed3-fb77-41c3-9c35-e167ef468aa3", "isDeleted:":"true", "version":"1678975256933"}}
{"logTime": "0327/070220", "correlationVector":"BMfP824ZmGMKh7LQOOOH6/.13","action":"GetUpdates", "result":"DeleteReceived", "context":{"id":"379e5ac6-c6ca-4b5a-b6fa-e27a1b109e2d", "isDeleted:":"true", "version":"1678975256935"}}
{"logTime": "0327/070220", "correlationVector":"BMfP824ZmGMKh7LQOOOH6/.14","action":"GetUpdates", "result":"DeleteReceived", "context":{"id":"c2b11681-d64a-4428-8771-82820f985d40", "isDeleted:":"true", "version":"1678975256936"}}
{"logTime": "0327/070220", "correlationVector":"BMfP824ZmGMKh7LQOOOH6/.15","action":"GetUpdates", "result":"DeleteReceived", "context":{"id":"d352d0fc-b2aa-4c3f-bb2d-aa58a6f9b365", "isDeleted:":"true", "version":"1678975259175"}}
{"logTime": "0327/070220", "correlationVector":"BMfP824ZmGMKh7LQOOOH6/.16","action":"GetUpdates", "result":"DeleteReceived", "context":{"id":"9173f66b-67ef-47db-94ee-9c569d8e3135", "isDeleted:":"true", "version":"1678975259176"}}
{"logTime": "0327/070220", "correlationVector":"BMfP824ZmGMKh7LQOOOH6/.17","action":"GetUpdates", "result":"DeleteReceived", "context":{"id":"fddc8ab0-2f6e-4819-a800-ee42c8f68c62", "isDeleted:":"true", "version":"1678975259177"}}
{"logTime": "0327/070220", "correlationVector":"BMfP824ZmGMKh7LQOOOH6/.18","action":"GetUpdates", "result":"DeleteReceived", "context":{"id":"8a668e2e-020e-4ec7-afe9-bfec9284dcd0", "isDeleted:":"true", "version":"1678975259178"}}
{"logTime": "0327/070220", "correlationVector":"BMfP824ZmGMKh7LQOOOH6/.19","action":"GetUpdates", "result":"DeleteReceived", "context":{"id":"3231ae7d-2b10-4dec-9cb5-09e859dd017c", "isDeleted:":"true", "version":"1678975259179"}}
{"logTime": "0327/070220", "correlationVector":"BMfP824ZmGMKh7LQOOOH6/.20","action":"GetUpdates", "result":"DeleteReceived", "context":{"id":"94b32841-3724-4232-bca6-4f405abd28f6", "isDeleted:":"true", "version":"1678975259180"}}
{"logTime": "0327/070220", "correlationVector":"BMfP824ZmGMKh7LQOOOH6/.21","action":"GetUpdates", "result":"DeleteReceived", "context":{"id":"c3e4a91c-30dc-487f-9f37-fe83c68943fa", "isDeleted:":"true", "version":"1678975259181"}}
{"logTime": "0327/070220", "correlationVector":"BMfP824ZmGMKh7LQOOOH6/.22","action":"GetUpdates", "result":"DeleteReceived", "context":{"id":"24af2569-1cfe-4a6d-864c-8f77f731134e", "isDeleted:":"true", "version":"1678975259182"}}
{"logTime": "0327/070220", "correlationVector":"BMfP824ZmGMKh7LQOOOH6/.23","action":"GetUpdates", "result":"DeleteReceived", "context":{"id":"bae9d79e-71de-4e7a-b2a2-6b2985b1949b", "isDeleted:":"true", "version":"1678975259183"}}
{"logTime": "0327/070220", "correlationVector":"BMfP824ZmGMKh7LQOOOH6/.24","action":"GetUpdates", "result":"DeleteReceived", "context":{"id":"e034d7d0-e98e-48ef-8337-461799bac908", "isDeleted:":"true", "version":"1678975259184"}}
{"logTime": "0327/070220", "correlationVector":"BMfP824ZmGMKh7LQOOOH6/.25","action":"GetUpdates", "result":"DeleteReceived", "context":{"id":"9df624bb-8dab-44a9-8bd0-caf94481217c", "isDeleted:":"true", "version":"1678975259186"}}
{"logTime": "0327/070220", "correlationVector":"BMfP824ZmGMKh7LQOOOH6/.26","action":"GetUpdates", "result":"DeleteReceived", "context":{"id":"f359ff3f-b9f9-4a88-b054-c6b6c9b04c88", "isDeleted:":"true", "version":"1678975259187"}}
{"logTime": "0327/070220", "correlationVector":"BMfP824ZmGMKh7LQOOOH6/.27","action":"GetUpdates", "result":"DeleteReceived", "context":{"id":"90ff3843-3de1-4f64-8e7c-781ed169869a", "isDeleted:":"true", "version":"1678975259188"}}
{"logTime": "0327/070220", "correlationVector":"BMfP824ZmGMKh7LQOOOH6/.28","action":"GetUpdates", "result":"DeleteReceived", "context":{"id":"78551356-7d47-42d8-8199-271f6da586ba", "isDeleted:":"true", "version":"1678975259190"}}
{"logTime": "0327/070220", "correlationVector":"BMfP824ZmGMKh7LQOOOH6/.29","action":"GetUpdates", "result":"DeleteReceived", "context":{"id":"6028b9a3-a0e5-461b-9ff9-26802e4f82df", "isDeleted:":"true", "version":"1678975259192"}}
{"logTime": "0327/070220", "correlationVector":"BMfP824ZmGMKh7LQOOOH6/.30","action":"GetUpdates", "result":"DeleteReceived", "context":{"id":"7f673235-4f06-4457-b56c-2500588dd90c", "isDeleted:":"true", "version":"1678977774475"}}
{"logTime": "0327/070220", "correlationVector":"BMfP824ZmGMKh7LQOOOH6/.31","action":"GetUpdates", "result":"DeleteReceived", "context":{"id":"13353455-016e-4163-b0c1-16198d4f011b", "isDeleted:":"true", "version":"1678977774477"}}
{"logTime": "0327/070220", "correlationVector":"BMfP824ZmGMKh7LQOOOH6/.32","action":"GetUpdates", "result":"DeleteReceived", "context":{"id":"edec7b1a-e867-481d-bc28-9ca5c3c57a8a", "isDeleted:":"true", "version":"1678977774479"}}
{"logTime": "0327/070220", "correlationVector":"BMfP824ZmGMKh7LQOOOH6/.33","action":"GetUpdates", "result":"DeleteReceived", "context":{"id":"d4cb2609-1856-4162-9ca7-1765653a9321", "isDeleted:":"true", "version":"1679039838509"}}
{"logTime": "0327/070220", "correlationVector":"BMfP824ZmGMKh7LQOOOH6/.34","action":"GetUpdates", "result":"DeleteReceived", "context":{"id":"997b483d-7d27-4fed-a93b-5aed4a8d4581", "isDeleted:":"true", "version":"1679039910842"}}
{"logTime": "0327/070220", "correlationVector":"BMfP824ZmGMKh7LQOOOH6/.35","action":"GetUpdates", "result":"DeleteReceived", "context":{"id":"2f1474b4-3b76-435a-8092-ff569fc1f02c", "isDeleted:":"true", "version":"1679040667371"}}
{"logTime": "0327/070220", "correlationVector":"BMfP824ZmGMKh7LQOOOH6/.36","action":"GetUpdates", "result":"DeleteReceived", "context":{"id":"2c9c2a02-d6eb-4575-9131-50ebe3e30d7e", "isDeleted:":"true", "version":"1679040811194"}}
{"logTime": "0327/070220", "correlationVector":"BMfP824ZmGMKh7LQOOOH6/.37","action":"GetUpdates", "result":"DeleteReceived", "context":{"id":"4430d0a6-631e-4b00-ab81-c151e80cb99f", "isDeleted:":"true", "version":"1679040811195"}}
{"logTime": "0327/070220", "correlationVector":"BMfP824ZmGMKh7LQOOOH6/.38","action":"GetUpdates", "result":"DeleteReceived", "context":{"id":"2d46b290-8fa7-4b5f-bb73-6f1991150d20", "isDeleted:":"true", "version":"1679040811196"}}
{"logTime": "0327/070220", "correlationVector":"BMfP824ZmGMKh7LQOOOH6/.39","action":"GetUpdates", "result":"DeleteReceived", "context":{"id":"36dc54cc-ae68-42c6-8111-bacfd5e72075", "isDeleted:":"true", "version":"1679046121160"}}
{"logTime": "0327/070220", "correlationVector":"BMfP824ZmGMKh7LQOOOH6/.40","action":"GetUpdates", "result":"DeleteReceived", "context":{"id":"3929e2cd-5f61-4d53-9e40-8cee4299ba73", "isDeleted:":"true", "version":"1679046121162"}}
{"logTime": "0327/070220", "correlationVector":"BMfP824ZmGMKh7LQOOOH6/.41","action":"GetUpdates", "result":"DeleteReceived", "context":{"id":"ff4963d3-1158-4416-9393-5a6b01309fb6", "isDeleted:":"true", "version":"1679046121165"}}
{"logTime": "0327/070220", "correlationVector":"BMfP824ZmGMKh7LQOOOH6/.42","action":"GetUpdates", "result":"DeleteReceived", "context":{"id":"e7eb505c-e12b-40e9-a316-c63a2914c113", "isDeleted:":"true", "version":"1679046121166"}}
{"logTime": "0327/070220", "correlationVector":"BMfP824ZmGMKh7LQOOOH6/.43","action":"GetUpdates", "result":"DeleteReceived", "context":{"id":"d9c58ba2-f3d0-4ab0-8ee3-9917e09d9fa1", "isDeleted:":"true", "version":"1679046121167"}}
{"logTime": "0327/070220", "correlationVector":"BMfP824ZmGMKh7LQOOOH6/.44","action":"GetUpdates", "result":"DeleteReceived", "context":{"id":"14b99195-8e5c-44c4-b7f0-8fcdf57e5694", "isDeleted:":"true", "version":"1679046121168"}}
{"logTime": "0327/070220", "correlationVector":"BMfP824ZmGMKh7LQOOOH6/.45","action":"GetUpdates", "result":"DeleteReceived", "context":{"id":"9742871f-66ab-4c02-b286-8b17bfde0b81", "isDeleted:":"true", "version":"1679046121171"}}
{"logTime": "0327/070220", "correlationVector":"BMfP824ZmGMKh7LQOOOH6/.46","action":"GetUpdates", "result":"DeleteReceived", "context":{"id":"b17e1ff3-7a65-4451-a26a-814c548922d6", "isDeleted:":"true", "version":"1679046121172"}}
{"logTime": "0327/070220", "correlationVector":"BMfP824ZmGMKh7LQOOOH6/.47","action":"GetUpdates", "result":"DeleteReceived", "context":{"id":"f487905c-c6f6-45e7-8265-e8d214f45a50", "isDeleted:":"true", "version":"1679046121173"}}
{"logTime": "0327/070220", "correlationVector":"BMfP824ZmGMKh7LQOOOH6/.48","action":"GetUpdates", "result":"DeleteReceived", "context":{"id":"8b6bc150-972f-4eca-9875-4986e073ebea", "isDeleted:":"true", "version":"1679046121174"}}
{"logTime": "0327/070220", "correlationVector":"BMfP824ZmGMKh7LQOOOH6/.49","action":"GetUpdates", "result":"DeleteReceived", "context":{"id":"04afe55b-32d7-456a-a6c3-9e721c06a9e5", "isDeleted:":"true", "version":"1679046121176"}}
{"logTime": "0327/070220", "correlationVector":"BMfP824ZmGMKh7LQOOOH6/.50","action":"GetUpdates", "result":"DeleteReceived", "context":{"id":"ee508c23-8c01-402f-8ce8-f08b79080a42", "isDeleted:":"true", "version":"1679046123083"}}
{"logTime": "0327/070220", "correlationVector":"BMfP824ZmGMKh7LQOOOH6/.51","action":"GetUpdates", "result":"DeleteReceived", "context":{"id":"8981dada-9d49-4b5d-a776-797846e077b9", "isDeleted:":"true", "version":"1679046123084"}}
{"logTime": "0327/070220", "correlationVector":"BMfP824ZmGMKh7LQOOOH6/.52","action":"GetUpdates", "result":"DeleteReceived", "context":{"id":"807a6995-dcda-4566-9c1a-9dd2b5dbf895", "isDeleted:":"true", "version":"1679046123087"}}
{"logTime": "0327/070220", "correlationVector":"BMfP824ZmGMKh7LQOOOH6/.53","action":"GetUpdates", "result":"DeleteReceived", "context":{"id":"29b02309-9fd1-4642-a757-ba225fb36ffb", "isDeleted:":"true", "version":"1679046123088"}}
{"logTime": "0327/070220", "correlationVector":"BMfP824ZmGMKh7LQOOOH6/.54","action":"GetUpdates", "result":"DeleteReceived", "context":{"id":"59d74b2b-d432-4ca6-afac-f961d1eb3c42", "isDeleted:":"true", "version":"1679046123090"}}
{"logTime": "0327/070220", "correlationVector":"BMfP824ZmGMKh7LQOOOH6/.55","action":"GetUpdates", "result":"DeleteReceived", "context":{"id":"d98a994e-8767-43f0-ab02-a2a9605455bc", "isDeleted:":"true", "version":"1679046123095"}}
{"logTime": "0327/070220", "correlationVector":"BMfP824ZmGMKh7LQOOOH6/.56","action":"GetUpdates", "result":"DeleteReceived", "context":{"id":"89acc483-2eb4-4e48-bb2f-28248ffd5914", "isDeleted:":"true", "version":"1679046123097"}}
{"logTime": "0327/070220", "correlationVector":"BMfP824ZmGMKh7LQOOOH6/.57","action":"GetUpdates", "result":"DeleteReceived", "context":{"id":"d05d3550-21b4-426b-9c9b-9b2ef7caf387", "isDeleted:":"true", "version":"1679046123101"}}
{"logTime": "0327/070220", "correlationVector":"BMfP824ZmGMKh7LQOOOH6/.58","action":"GetUpdates", "result":"DeleteReceived", "context":{"id":"218eb8e7-f4c1-47d7-9384-7f1a0f12be1c", "isDeleted:":"true", "version":"1679046124435"}}
{"logTime": "0327/070220", "correlationVector":"BMfP824ZmGMKh7LQOOOH6/.59","action":"GetUpdates", "result":"DeleteReceived", "context":{"id":"caa47998-5166-4ac4-9455-550bbe9526b4", "isDeleted:":"true", "version":"1679046124442"}}
{"logTime": "0327/070220", "correlationVector":"BMfP824ZmGMKh7LQOOOH6/.60","action":"GetUpdates", "result":"DeleteReceived", "context":{"id":"00f65b60-3183-4c6d-b907-aa96d3295d0f", "isDeleted:":"true", "version":"1679046124445"}}
{"logTime": "0327/070220", "correlationVector":"BMfP824ZmGMKh7LQOOOH6/.61","action":"GetUpdates", "result":"DeleteReceived", "context":{"id":"4c7b4440-7f81-4dd3-a9d9-26b4d34349f5", "isDeleted:":"true", "version":"1679046124446"}}
{"logTime": "0327/070220", "correlationVector":"BMfP824ZmGMKh7LQOOOH6/.62","action":"GetUpdates", "result":"DeleteReceived", "context":{"id":"c7de18c9-2821-4448-a6ae-ccba672b2f76", "isDeleted:":"true", "version":"1679056987898"}}
{"logTime": "0327/070220", "correlationVector":"BMfP824ZmGMKh7LQOOOH6/.63","action":"GetUpdates", "result":"DeleteReceived", "context":{"id":"21f2843b-295c-4732-b0f6-700767c172bf", "isDeleted:":"true", "version":"1679059760704"}}
{"logTime": "0327/070220", "correlationVector":"BMfP824ZmGMKh7LQOOOH6/.64","action":"GetUpdates", "result":"DeleteReceived", "context":{"id":"189ce8c4-c7df-492b-a402-f58ca482e2c1", "isDeleted:":"true", "version":"1679059760705"}}
{"logTime": "0327/070220", "correlationVector":"BMfP824ZmGMKh7LQOOOH6/.65","action":"GetUpdates", "result":"DeleteReceived", "context":{"id":"d56916ba-9e33-48d8-b0ea-be250ab513d0", "isDeleted:":"true", "version":"1679059760706"}}
{"logTime": "0327/070220", "correlationVector":"BMfP824ZmGMKh7LQOOOH6/.66","action":"GetUpdates", "result":"DeleteReceived", "context":{"id":"de48c72c-f4a8-43df-ac07-33ba3816f572", "isDeleted:":"true", "version":"1679064415234"}}
{"logTime": "0327/070220", "correlationVector":"BMfP824ZmGMKh7LQOOOH6/.67","action":"GetUpdates", "result":"DeleteReceived", "context":{"id":"f4025e35-fbc3-47ab-b83d-33607802c9f3", "isDeleted:":"true", "version":"1679064590177"}}
{"logTime": "0327/070220", "correlationVector":"BMfP824ZmGMKh7LQOOOH6/.68","action":"GetUpdates", "result":"DeleteReceived", "context":{"id":"3042ad17-28bd-4dd8-a875-cfe88dbb8f5b", "isDeleted:":"true", "version":"1679064952441"}}
{"logTime": "0327/070220", "correlationVector":"BMfP824ZmGMKh7LQOOOH6/.69","action":"GetUpdates", "result":"DeleteReceived", "context":{"id":"b406bcca-963a-4bc4-8034-fc84b3bf0b08", "isDeleted:":"true", "version":"1679064952442"}}
{"logTime": "0327/070220", "correlationVector":"BMfP824ZmGMKh7LQOOOH6/.70","action":"GetUpdates", "result":"DeleteReceived", "context":{"id":"2ecc347f-f2b8-4c79-87eb-52eed985b7bb", "isDeleted:":"true", "version":"1679065044590"}}
{"logTime": "0327/070220", "correlationVector":"BMfP824ZmGMKh7LQOOOH6/.71","action":"GetUpdates", "result":"DeleteReceived", "context":{"id":"a16ed116-b428-477f-adb4-42ca4daf1ddb", "isDeleted:":"true", "version":"1679065083698"}}
{"logTime": "0327/070220", "correlationVector":"BMfP824ZmGMKh7LQOOOH6/.72","action":"GetUpdates", "result":"DeleteReceived", "context":{"id":"52323c4e-1214-4cd1-929c-6ce70e5f773f", "isDeleted:":"true", "version":"1679065152572"}}
{"logTime": "0327/070220", "correlationVector":"BMfP824ZmGMKh7LQOOOH6/.73","action":"GetUpdates", "result":"DeleteReceived", "context":{"id":"7d02a793-2ee0-468c-b134-2e68fe09dd62", "isDeleted:":"true", "version":"1679065152573"}}
{"logTime": "0327/070220", "correlationVector":"BMfP824ZmGMKh7LQOOOH6/.74","action":"GetUpdates", "result":"DeleteReceived", "context":{"id":"b5e70bc3-3f4d-4a9d-baa0-989667c57e41", "isDeleted:":"true", "version":"1679065152576"}}
{"logTime": "0327/070220", "correlationVector":"BMfP824ZmGMKh7LQOOOH6/.75","action":"GetUpdates", "result":"DeleteReceived", "context":{"id":"80ff201c-0d91-4bcf-a3a6-3d07aa6903ff", "isDeleted:":"true", "version":"1679065319406"}}
{"logTime": "0327/070220", "correlationVector":"BMfP824ZmGMKh7LQOOOH6/.76","action":"GetUpdates", "result":"DeleteReceived", "context":{"id":"c54f1048-dba2-4d8e-8cb7-904fe7d642bf", "isDeleted:":"true", "version":"1679065319407"}}
{"logTime": "0327/070220", "correlationVector":"BMfP824ZmGMKh7LQOOOH6/.77","action":"GetUpdates", "result":"DeleteReceived", "context":{"id":"21109840-76a7-45ec-8d71-5812c8fce005", "isDeleted:":"true", "version":"1679065319408"}}
{"logTime": "0327/070220", "correlationVector":"BMfP824ZmGMKh7LQOOOH6/.78","action":"GetUpdates", "result":"DeleteReceived", "context":{"id":"242c1180-d34b-4f03-9adb-7b9311bf33c9", "isDeleted:":"true", "version":"1679065663995"}}
{"logTime": "0327/070220", "correlationVector":"BMfP824ZmGMKh7LQOOOH6/.79","action":"GetUpdates", "result":"DeleteReceived", "context":{"id":"bbb1a6d7-d80b-483b-a1b1-0d9da6cf82e5", "isDeleted:":"true", "version":"1679065663996"}}
{"logTime": "0327/070220", "correlationVector":"BMfP824ZmGMKh7LQOOOH6/.80","action":"GetUpdates", "result":"DeleteReceived", "context":{"id":"b852c10d-515c-4d0b-a37a-a8cd5ec71e9c", "isDeleted:":"true", "version":"1679143426940"}}
{"logTime": "0327/070220", "correlationVector":"BMfP824ZmGMKh7LQOOOH6/.81","action":"GetUpdates", "result":"DeleteReceived", "context":{"id":"32628ce2-c741-4c34-a4bc-0b60a43f9a18", "isDeleted:":"true", "version":"1679143426941"}}
{"logTime": "0327/070220", "correlationVector":"BMfP824ZmGMKh7LQOOOH6/.82","action":"GetUpdates", "result":"DeleteReceived", "context":{"id":"be001447-fbc0-4eed-b2a9-4cbebd93b614", "isDeleted:":"true", "version":"1679143426945"}}
{"logTime": "0327/070220", "correlationVector":"BMfP824ZmGMKh7LQOOOH6/.83","action":"GetUpdates", "result":"DeleteReceived", "context":{"id":"a993a7b0-2ff3-49f0-ac17-927ee6016cf6", "isDeleted:":"true", "version":"1679143426949"}}
{"logTime": "0327/070220", "correlationVector":"BMfP824ZmGMKh7LQOOOH6/.84","action":"GetUpdates", "result":"DeleteReceived", "context":{"id":"9c2bb8a9-bd0b-4ccb-b7da-d63bda47324f", "isDeleted:":"true", "version":"1679143426950"}}
{"logTime": "0327/070220", "correlationVector":"BMfP824ZmGMKh7LQOOOH6/.85","action":"GetUpdates", "result":"DeleteReceived", "context":{"id":"b34b5dbb-4b0f-475c-bc83-e41576b48947", "isDeleted:":"true", "version":"1679143426951"}}
{"logTime": "0327/070220", "correlationVector":"BMfP824ZmGMKh7LQOOOH6/.86","action":"GetUpdates", "result":"DeleteReceived", "context":{"id":"8311519f-6414-4afc-9946-9f2713224385", "isDeleted:":"true", "version":"1679143426953"}}
{"logTime": "0327/070220", "correlationVector":"BMfP824ZmGMKh7LQOOOH6/.87","action":"GetUpdates", "result":"DeleteReceived", "context":{"id":"3f47a4b6-a79c-4f11-aab4-66c2a725c31c", "isDeleted:":"true", "version":"1679143428954"}}
{"logTime": "0327/070220", "correlationVector":"BMfP824ZmGMKh7LQOOOH6/.88","action":"GetUpdates", "result":"DeleteReceived", "context":{"id":"e329e63a-5d08-4646-bda5-f5ce3f022c9d", "isDeleted:":"true", "version":"1679143428956"}}
{"logTime": "0327/070220", "correlationVector":"BMfP824ZmGMKh7LQOOOH6/.89","action":"GetUpdates", "result":"DeleteReceived", "context":{"id":"a16a703a-779e-4064-85a5-65d390cf8d4c", "isDeleted:":"true", "version":"1679143428958"}}
{"logTime": "0327/070220", "correlationVector":"BMfP824ZmGMKh7LQOOOH6/.90","action":"GetUpdates", "result":"DeleteReceived", "context":{"id":"5d471165-16d3-41ff-9c89-ad85755ac0ff", "isDeleted:":"true", "version":"1679143428959"}}
{"logTime": "0327/070220", "correlationVector":"BMfP824ZmGMKh7LQOOOH6/.91","action":"GetUpdates", "result":"DeleteReceived", "context":{"id":"46852137-4c51-4303-8a84-7e626b118229", "isDeleted:":"true", "version":"1679143428960"}}
{"logTime": "0327/070220", "correlationVector":"BMfP824ZmGMKh7LQOOOH6/.92","action":"GetUpdates", "result":"DeleteReceived", "context":{"id":"8131e253-62a6-412f-9421-1fa0e31e1747", "isDeleted:":"true", "version":"1679143428962"}}
{"logTime": "0327/070220", "correlationVector":"BMfP824ZmGMKh7LQOOOH6/.93","action":"GetUpdates", "result":"DeleteReceived", "context":{"id":"eb59228f-9880-4139-82ba-0872c64c0c78", "isDeleted:":"true", "version":"1679143428963"}}
{"logTime": "0327/070220", "correlationVector":"BMfP824ZmGMKh7LQOOOH6/.94","action":"GetUpdates", "result":"DeleteReceived", "context":{"id":"5fa0bd18-b9d4-4565-b17a-34cefdcae3f7", "isDeleted:":"true", "version":"1679143428964"}}
{"logTime": "0327/070220", "correlationVector":"BMfP824ZmGMKh7LQOOOH6/.95","action":"GetUpdates", "result":"DeleteReceived", "context":{"id":"25910c18-01b9-41cc-b877-00fccbdc6d82", "isDeleted:":"true", "version":"1679143428965"}}
{"logTime": "0327/070220", "correlationVector":"BMfP824ZmGMKh7LQOOOH6/.96","action":"GetUpdates", "result":"DeleteReceived", "context":{"id":"edd30573-6e8d-4288-a65b-cbbd9a7c4761", "isDeleted:":"true", "version":"1679143428966"}}
{"logTime": "0327/070220", "correlationVector":"BMfP824ZmGMKh7LQOOOH6/.97","action":"GetUpdates", "result":"DeleteReceived", "context":{"id":"cd9130fb-0e6f-47ad-b5f7-f7c4d12ef06b", "isDeleted:":"true", "version":"1679143428968"}}
{"logTime": "0327/070220", "correlationVector":"BMfP824ZmGMKh7LQOOOH6/.98","action":"GetUpdates", "result":"DeleteReceived", "context":{"id":"58d54393-be96-49e5-b67e-b4cfc3b4a90a", "isDeleted:":"true", "version":"1679143434996"}}
{"logTime": "0327/070220", "correlationVector":"BMfP824ZmGMKh7LQOOOH6/.99","action":"GetUpdates", "result":"DeleteReceived", "context":{"id":"a6bbefbd-9377-4de1-9d11-f7e2437182c8", "isDeleted:":"true", "version":"1679143673434"}}
{"logTime": "0327/070220", "correlationVector":"BMfP824ZmGMKh7LQOOOH6/.100","action":"GetUpdates", "result":"DeleteReceived", "context":{"id":"40510027-3b8f-43a2-b785-27c1b6d24f3f", "isDeleted:":"true", "version":"1679143682223"}}
{"logTime": "0327/070220", "correlationVector":"BMfP824ZmGMKh7LQOOOH6/.101","action":"GetUpdates", "result":"DeleteReceived", "context":{"id":"2b8c05cd-888b-4f56-a3b1-64de88f78133", "isDeleted:":"true", "version":"1679144034628"}}
{"logTime": "0327/070220", "correlationVector":"BMfP824ZmGMKh7LQOOOH6/.102","action":"GetUpdates", "result":"DeleteReceived", "context":{"id":"a7f1ef53-da75-4951-a291-7b93144c6647", "isDeleted:":"true", "version":"1679144034629"}}
{"logTime": "0327/070220", "correlationVector":"BMfP824ZmGMKh7LQOOOH6/.103","action":"GetUpdates", "result":"DeleteReceived", "context":{"id":"0fb96c66-d521-4ea5-82e9-fbae4b942d52", "isDeleted:":"true", "version":"1679144461867"}}
{"logTime": "0327/070220", "correlationVector":"BMfP824ZmGMKh7LQOOOH6/.104","action":"GetUpdates", "result":"DeleteReceived", "context":{"id":"369cd8c5-1e8d-4386-9e31-d2daca0f3e62", "isDeleted:":"true", "version":"1679144697660"}}
{"logTime": "0327/070220", "correlationVector":"BMfP824ZmGMKh7LQOOOH6/.105","action":"GetUpdates", "result":"DeleteReceived", "context":{"id":"425f5ebc-b19e-4099-9cab-6882cde3dbc1", "isDeleted:":"true", "version":"1679147769529"}}
{"logTime": "0327/070220", "correlationVector":"BMfP824ZmGMKh7LQOOOH6/.106","action":"GetUpdates", "result":"DeleteReceived", "context":{"id":"0770560e-4c6d-41dc-afdb-7706f4db96ee", "isDeleted:":"true", "version":"1679147802478"}}
{"logTime": "0327/070220", "correlationVector":"BMfP824ZmGMKh7LQOOOH6/.107","action":"GetUpdates", "result":"DeleteReceived", "context":{"id":"ff4ca2f8-44f0-458d-9370-7c2fa2ef3531", "isDeleted:":"true", "version":"1679148428068"}}
{"logTime": "0327/070220", "correlationVector":"BMfP824ZmGMKh7LQOOOH6/.108","action":"GetUpdates", "result":"DeleteReceived", "context":{"id":"c1cb69d6-4913-45f3-ab35-ab43064e389f", "isDeleted:":"true", "version":"1679148428069"}}
{"logTime": "0327/070221", "correlationVector":"BMfP824ZmGMKh7LQOOOH6/.109","action":"GetUpdates", "result":"DeleteReceived", "context":{"id":"6a22b848-8bfa-4b88-a967-7a9da58c7f4d", "isDeleted:":"true", "version":"1679148428071"}}
{"logTime": "0327/070221", "correlationVector":"BMfP824ZmGMKh7LQOOOH6/.110","action":"GetUpdates", "result":"DeleteReceived", "context":{"id":"0d4bfa91-0aa5-472f-b263-6a33da92a2ae", "isDeleted:":"true", "version":"1679148520082"}}
{"logTime": "0327/070221", "correlationVector":"BMfP824ZmGMKh7LQOOOH6/.111","action":"GetUpdates", "result":"DeleteReceived", "context":{"id":"048775a2-a2b1-4cdc-ad3c-fd9e76dfb1dc", "isDeleted:":"true", "version":"1679148600404"}}
{"logTime": "0327/070221", "correlationVector":"BMfP824ZmGMKh7LQOOOH6/.112","action":"GetUpdates", "result":"DeleteReceived", "context":{"id":"7278e765-0535-41eb-a69e-2ec08ec84596", "isDeleted:":"true", "version":"1679148812013"}}
{"logTime": "0327/070221", "correlationVector":"BMfP824ZmGMKh7LQOOOH6/.113","action":"GetUpdates", "result":"DeleteReceived", "context":{"id":"4eb34309-8ca1-4235-8597-97748f9f39c7", "isDeleted:":"true", "version":"1679148812014"}}
{"logTime": "0327/070221", "correlationVector":"BMfP824ZmGMKh7LQOOOH6/.114","action":"GetUpdates", "result":"DeleteReceived", "context":{"id":"17d6c4ca-3457-4233-bd52-0cc770a0a769", "isDeleted:":"true", "version":"1679149717779"}}
{"logTime": "0327/070221", "correlationVector":"BMfP824ZmGMKh7LQOOOH6/.115","action":"GetUpdates", "result":"DeleteReceived", "context":{"id":"7b765520-e128-44fa-b525-fbb00a58d1dc", "isDeleted:":"true", "version":"1679149717780"}}
{"logTime": "0327/070221", "correlationVector":"BMfP824ZmGMKh7LQOOOH6/.116","action":"GetUpdates", "result":"DeleteReceived", "context":{"id":"28e1f599-2ec0-448d-b5f7-44223fb91dd3", "isDeleted:":"true", "version":"1679149717781"}}
{"logTime": "0327/070221", "correlationVector":"BMfP824ZmGMKh7LQOOOH6/.117","action":"GetUpdates", "result":"DeleteReceived", "context":{"id":"8b8953e3-3dc2-4f12-8b81-2ddd2b28140d", "isDeleted:":"true", "version":"1679149717783"}}
{"logTime": "0327/070221", "correlationVector":"BMfP824ZmGMKh7LQOOOH6/.118","action":"GetUpdates", "result":"DeleteReceived", "context":{"id":"28483a2b-9312-4ea6-ae86-afe4066baaf0", "isDeleted:":"true", "version":"1679841877484"}}
{"logTime": "0327/070221", "correlationVector":"BMfP824ZmGMKh7LQOOOH6/.119","action":"GetUpdates", "result":"DeleteReceived", "context":{"id":"4678f414-98db-46ab-b1a0-0412fb2609d6", "isDeleted:":"true", "version":"1679841877486"}}
{"logTime": "0327/070221", "correlationVector":"BMfP824ZmGMKh7LQOOOH6/.120","action":"GetUpdates", "result":"DeleteReceived", "context":{"id":"39f21dbe-eab9-4de8-a869-aad3b2363c05", "isDeleted:":"true", "version":"1679841877489"}}
{"logTime": "0327/070221", "correlationVector":"BMfP824ZmGMKh7LQOOOH6/.121","action":"GetUpdates", "result":"DeleteReceived", "context":{"id":"4bb9c440-a6af-41d8-b075-63be13808031", "isDeleted:":"true", "version":"1679841877490"}}
{"logTime": "0327/070221", "correlationVector":"BMfP824ZmGMKh7LQOOOH6/.122","action":"GetUpdates", "result":"DeleteReceived", "context":{"id":"768cd79d-771d-4547-99bc-ccd04ce08968", "isDeleted:":"true", "version":"1679841877492"}}
{"logTime": "0327/070221", "correlationVector":"BMfP824ZmGMKh7LQOOOH6/.123","action":"GetUpdates", "result":"DeleteReceived", "context":{"id":"b25d3d13-8bac-48c0-8080-a7dce817c7a0", "isDeleted:":"true", "version":"1679841877493"}}
{"logTime": "0327/070221", "correlationVector":"BMfP824ZmGMKh7LQOOOH6/.124","action":"GetUpdates", "result":"DeleteReceived", "context":{"id":"13eced36-0a1a-4b4a-9d88-0ada224d9b06", "isDeleted:":"true", "version":"1679841877496"}}
{"logTime": "0327/070221", "correlationVector":"BMfP824ZmGMKh7LQOOOH6/.125","action":"GetUpdates", "result":"DeleteReceived", "context":{"id":"6cfc432a-dce6-4f9c-8d63-d7c172279a01", "isDeleted:":"true", "version":"1679841877497"}}
{"logTime": "0327/070221", "correlationVector":"BMfP824ZmGMKh7LQOOOH6/.126","action":"GetUpdates", "result":"DeleteReceived", "context":{"id":"05a5941e-245c-41cf-993f-8603ac75a214", "isDeleted:":"true", "version":"1679841877498"}}
{"logTime": "0327/070221", "correlationVector":"BMfP824ZmGMKh7LQOOOH6/.127","action":"GetUpdates", "result":"DeleteReceived", "context":{"id":"b23f8d5f-b5b3-4dc6-881b-bb42616ebeec", "isDeleted:":"true", "version":"1679841879205"}}
{"logTime": "0327/070221", "correlationVector":"BMfP824ZmGMKh7LQOOOH6/.128","action":"GetUpdates", "result":"DeleteReceived", "context":{"id":"0f40747e-8aac-4ea8-bd1c-9c3af0b30a82", "isDeleted:":"true", "version":"1679841879207"}}
{"logTime": "0327/070221", "correlationVector":"BMfP824ZmGMKh7LQOOOH6/.129","action":"GetUpdates", "result":"DeleteReceived", "context":{"id":"8588cf2d-4d1c-47cf-802c-986aa953ca68", "isDeleted:":"true", "version":"1679841879208"}}
{"logTime": "0327/070221", "correlationVector":"BMfP824ZmGMKh7LQOOOH6/.130","action":"GetUpdates", "result":"DeleteReceived", "context":{"id":"3a29b3f7-1c2c-453b-8559-e8306eb72462", "isDeleted:":"true", "version":"1679841879211"}}
{"logTime": "0327/070221", "correlationVector":"BMfP824ZmGMKh7LQOOOH6/.131","action":"GetUpdates", "result":"DeleteReceived", "context":{"id":"8ab4d180-7d88-4b85-ba7c-bba11ae1ca96", "isDeleted:":"true", "version":"1679841879212"}}
{"logTime": "0327/070221", "correlationVector":"BMfP824ZmGMKh7LQOOOH6/.132","action":"GetUpdates", "result":"DeleteReceived", "context":{"id":"dbc3db6a-5356-4d68-92db-891c0546d2f6", "isDeleted:":"true", "version":"1679841879213"}}
{"logTime": "0327/070221", "correlationVector":"BMfP824ZmGMKh7LQOOOH6/.133","action":"GetUpdates", "result":"DeleteReceived", "context":{"id":"79da4e38-49cd-42ec-a7d3-9657f98ff030", "isDeleted:":"true", "version":"1679841879216"}}
{"logTime": "0327/070221", "correlationVector":"BMfP824ZmGMKh7LQOOOH6/.134","action":"GetUpdates", "result":"DeleteReceived", "context":{"id":"3cf0ac73-faac-484d-a9fd-9343e02e6bdc", "isDeleted:":"true", "version":"1679841879218"}}
{"logTime": "0327/070221", "correlationVector":"BMfP824ZmGMKh7LQOOOH6/.135","action":"GetUpdates", "result":"DeleteReceived", "context":{"id":"2eb128a4-3208-4010-a0d2-e99f89f38689", "isDeleted:":"true", "version":"1679841879221"}}
{"logTime": "0327/070221", "correlationVector":"BMfP824ZmGMKh7LQOOOH6/.136","action":"GetUpdates", "result":"DeleteReceived", "context":{"id":"a7f199b6-6121-4768-8afb-b7ea719395e5", "isDeleted:":"true", "version":"1679841879222"}}
{"logTime": "0327/070221", "correlationVector":"BMfP824ZmGMKh7LQOOOH6/.137","action":"GetUpdates", "result":"DeleteReceived", "context":{"id":"0b483d79-ab18-4b20-964b-b56011fd8579", "isDeleted:":"true", "version":"1679841879223"}}
{"logTime": "0327/070221", "correlationVector":"BMfP824ZmGMKh7LQOOOH6/.138","action":"GetUpdates", "result":"DeleteReceived", "context":{"id":"79aca42a-086a-4d1b-b250-7112981b121c", "isDeleted:":"true", "version":"1679841880446"}}
{"logTime": "0327/070221", "correlationVector":"BMfP824ZmGMKh7LQOOOH6/.139","action":"GetUpdates", "result":"DeleteReceived", "context":{"id":"fd998c46-922c-4679-810b-5e361aee4359", "isDeleted:":"true", "version":"1679841880449"}}
{"logTime": "0327/070221", "correlationVector":"BMfP824ZmGMKh7LQOOOH6/.140","action":"GetUpdates", "result":"DeleteReceived", "context":{"id":"99bb35e1-6a4c-4bbc-babb-b99f7f7eb079", "isDeleted:":"true", "version":"1679841880450"}}
{"logTime": "0327/070221", "correlationVector":"BMfP824ZmGMKh7LQOOOH6/.141","action":"GetUpdates", "result":"DeleteReceived", "context":{"id":"3a051cca-f3cb-4410-ac93-50eec6dbdd3b", "isDeleted:":"true", "version":"1679844125483"}}
{"logTime": "0327/070221", "correlationVector":"BMfP824ZmGMKh7LQOOOH6/.142","action":"GetUpdates", "result":"DeleteReceived", "context":{"id":"547923a0-8eb7-40a4-913b-e4ffc9ee9d3f", "isDeleted:":"true", "version":"1679844125485"}}
{"logTime": "0327/070221", "correlationVector":"BMfP824ZmGMKh7LQOOOH6/.143","action":"GetUpdates", "result":"DeleteReceived", "context":{"id":"4f2ba074-33b0-45a2-a083-ab99f94d7b9a", "isDeleted:":"true", "version":"1679846184434"}}
{"logTime": "0327/070221", "correlationVector":"BMfP824ZmGMKh7LQOOOH6/.144","action":"GetUpdates", "result":"DeleteReceived", "context":{"id":"7af777e5-97cf-4d8d-9fe5-1963792768ca", "isDeleted:":"true", "version":"1679851130724"}}
{"logTime": "0327/070221", "correlationVector":"BMfP824ZmGMKh7LQOOOH6/.145","action":"GetUpdates", "result":"DeleteReceived", "context":{"id":"08f6ec39-787a-4b32-a600-478b8fdcfe12", "isDeleted:":"true", "version":"1679851130725"}}
{"logTime": "0327/070221", "correlationVector":"BMfP824ZmGMKh7LQOOOH6/.146","action":"GetUpdates", "result":"DeleteReceived", "context":{"id":"7562eb54-ee39-4c4d-afee-9f03597986a3", "isDeleted:":"true", "version":"1679851422499"}}
{"logTime": "0327/070221", "correlationVector":"BMfP824ZmGMKh7LQOOOH6/.147","action":"GetUpdates", "result":"DeleteReceived", "context":{"id":"a0e60d52-cf1f-4674-b3c1-924fce2da46a", "isDeleted:":"true", "version":"1679851453439"}}
{"logTime": "0327/070221", "correlationVector":"BMfP824ZmGMKh7LQOOOH6/.148","action":"GetUpdates", "result":"DeleteReceived", "context":{"id":"2c51cb26-2c29-4547-87e0-57e582053596", "isDeleted:":"true", "version":"1679851693804"}}
{"logTime": "0327/070221", "correlationVector":"BMfP824ZmGMKh7LQOOOH6/.149","action":"GetUpdates", "result":"DeleteReceived", "context":{"id":"30c08a16-a7ff-4384-9dbb-22d9742ec86d", "isDeleted:":"true", "version":"1679853867481"}}
{"logTime": "0327/070221", "correlationVector":"BMfP824ZmGMKh7LQOOOH6/.150","action":"GetUpdates", "result":"DeleteReceived", "context":{"id":"eceeeb99-539b-4890-89de-694849868322", "isDeleted:":"true", "version":"1679853988484"}}
{"logTime": "0327/070221", "correlationVector":"BMfP824ZmGMKh7LQOOOH6/.151","action":"GetUpdates", "result":"DeleteReceived", "context":{"id":"29ca0e90-19cb-4f9d-9689-8fecf724cff1", "isDeleted:":"true", "version":"1679854116544"}}
{"logTime": "0327/070221", "correlationVector":"BMfP824ZmGMKh7LQOOOH6/.152","action":"GetUpdates", "result":"DeleteReceived", "context":{"id":"7dcfe187-f11d-4678-9a0c-8bd292fe1835", "isDeleted:":"true", "version":"1679854193207"}}
{"logTime": "0327/070221", "correlationVector":"BMfP824ZmGMKh7LQOOOH6/.153","action":"GetUpdates", "result":"DeleteReceived", "context":{"id":"87ca558e-17f7-4d28-830c-d1c230599fa3", "isDeleted:":"true", "version":"1679854193209"}}
{"logTime": "0327/070221", "correlationVector":"BMfP824ZmGMKh7LQOOOH6/.154","action":"GetUpdates", "result":"DeleteReceived", "context":{"id":"51c08ccd-61aa-4d2e-aba7-34c6bb068711", "isDeleted:":"true", "version":"1679854193211"}}
{"logTime": "0327/070221", "correlationVector":"BMfP824ZmGMKh7LQOOOH6/.155","action":"GetUpdates", "result":"DeleteReceived", "context":{"id":"55efddc8-493d-443d-bd4d-fec7c6503480", "isDeleted:":"true", "version":"1679854193212"}}
{"logTime": "0327/070221", "correlationVector":"BMfP824ZmGMKh7LQOOOH6/.156","action":"GetUpdates", "result":"DeleteReceived", "context":{"id":"fcc76824-6799-46be-b23c-b9013479fdc0", "isDeleted:":"true", "version":"1679854193213"}}
{"logTime": "0327/070221", "correlationVector":"BMfP824ZmGMKh7LQOOOH6/.157","action":"GetUpdates", "result":"DeleteReceived", "context":{"id":"6d6cad81-92f7-4049-9cc2-7a37da182334", "isDeleted:":"true", "version":"1679854228140"}}
{"logTime": "0327/070221", "correlationVector":"BMfP824ZmGMKh7LQOOOH6/.158","action":"GetUpdates", "result":"DeleteReceived", "context":{"id":"f0ef2065-b9cc-4cc9-a3cd-7e3924ab5796", "isDeleted:":"true", "version":"1679854258968"}}
{"logTime": "0327/070221", "correlationVector":"BMfP824ZmGMKh7LQOOOH6/.159","action":"GetUpdates", "result":"DeleteReceived", "context":{"id":"6a23c0fa-f5dd-468f-b015-53a0b21d7b9e", "isDeleted:":"true", "version":"1679854916113"}}
{"logTime": "0327/070221", "correlationVector":"BMfP824ZmGMKh7LQOOOH6/.160","action":"GetUpdates", "result":"DeleteReceived", "context":{"id":"d1a6e88e-3f02-4029-9c7e-7ba50c92767f", "isDeleted:":"true", "version":"1679856051649"}}
{"logTime": "0327/070221", "correlationVector":"BMfP824ZmGMKh7LQOOOH6/.161","action":"GetUpdates", "result":"DeleteReceived", "context":{"id":"9372ff96-89c6-43ef-b90d-bf4092dba5bf", "isDeleted:":"true", "version":"1679856051650"}}
{"logTime": "0327/070221", "correlationVector":"BMfP824ZmGMKh7LQOOOH6/.162","action":"GetUpdates", "result":"DeleteReceived", "context":{"id":"b50c802e-ef1f-4a18-9e0c-ed170170be54", "isDeleted:":"true", "version":"1679856051651"}}
{"logTime": "0327/070221", "correlationVector":"BMfP824ZmGMKh7LQOOOH6/.163","action":"GetUpdates", "result":"DeleteReceived", "context":{"id":"b3f35956-fd2b-44f1-99b6-88a8a9648577", "isDeleted:":"true", "version":"1679856051653"}}
{"logTime": "0327/070221", "correlationVector":"BMfP824ZmGMKh7LQOOOH6/.164","action":"GetUpdates", "result":"DeleteReceived", "context":{"id":"bdcf8d8f-7617-4211-a998-b9403d338adc", "isDeleted:":"true", "version":"1679856085331"}}
{"logTime": "0327/070221", "correlationVector":"BMfP824ZmGMKh7LQOOOH6/.165","action":"GetUpdates", "result":"DeleteReceived", "context":{"id":"fc961a31-9367-4019-9f1f-451da13f6a85", "isDeleted:":"true", "version":"1679856646571"}}
{"logTime": "0327/070221", "correlationVector":"BMfP824ZmGMKh7LQOOOH6/.166","action":"GetUpdates", "result":"DeleteReceived", "context":{"id":"9de1b795-79ff-48bd-bc4f-cd9d302a29b5", "isDeleted:":"true", "version":"1679856646572"}}
{"logTime": "0327/070221", "correlationVector":"BMfP824ZmGMKh7LQOOOH6/.167","action":"GetUpdates", "result":"DeleteReceived", "context":{"id":"4e3794e9-a988-4c5b-97f5-4fcc5f93c5e0", "isDeleted:":"true", "version":"1679856646574"}}
{"logTime": "0327/070221", "correlationVector":"BMfP824ZmGMKh7LQOOOH6/.168","action":"GetUpdates", "result":"DeleteReceived", "context":{"id":"46ffb819-af43-4cbe-8f83-aae16eea7e08", "isDeleted:":"true", "version":"1679856870128"}}
{"logTime": "0327/070221", "correlationVector":"BMfP824ZmGMKh7LQOOOH6/.169","action":"GetUpdates", "result":"DeleteReceived", "context":{"id":"7ca0648c-990c-48c2-8437-591fea8508c3", "isDeleted:":"true", "version":"1679894484718"}}
{"logTime": "0327/070221", "correlationVector":"BMfP824ZmGMKh7LQOOOH6/.170","action":"GetUpdates", "result":"DeleteReceived", "context":{"id":"4e666cc6-eeef-488d-b065-9ad76f445ca5", "isDeleted:":"true", "version":"1679894484720"}}
{"logTime": "0327/070221", "correlationVector":"BMfP824ZmGMKh7LQOOOH6/.171","action":"GetUpdates", "result":"DeleteReceived", "context":{"id":"56e46b53-7047-4063-b2a2-198919098e26", "isDeleted:":"true", "version":"1679894484722"}}
{"logTime": "0327/070221", "correlationVector":"BMfP824ZmGMKh7LQOOOH6/.172","action":"GetUpdates", "result":"DeleteReceived", "context":{"id":"3c36df2b-1e0f-4016-b6ed-bc96a3035500", "isDeleted:":"true", "version":"1679894484724"}}
{"logTime": "0327/070221", "correlationVector":"BMfP824ZmGMKh7LQOOOH6/.173","action":"GetUpdates", "result":"DeleteReceived", "context":{"id":"a86d0a4a-2a95-4bb6-b7ff-95bb0746ee8c", "isDeleted:":"true", "version":"1679894484728"}}
{"logTime": "0327/070221", "correlationVector":"BMfP824ZmGMKh7LQOOOH6/.174","action":"GetUpdates", "result":"DeleteReceived", "context":{"id":"00721ec6-6f7d-4f38-9307-4f64dacdd295", "isDeleted:":"true", "version":"1679894484729"}}
{"logTime": "0327/070221", "correlationVector":"BMfP824ZmGMKh7LQOOOH6/.175","action":"GetUpdates", "result":"DeleteReceived", "context":{"id":"a952b829-d521-46b9-ba1e-6eb700533651", "isDeleted:":"true", "version":"1679894484730"}}
{"logTime": "0327/070221", "correlationVector":"BMfP824ZmGMKh7LQOOOH6/.176","action":"GetUpdates", "result":"DeleteReceived", "context":{"id":"d656e9f4-6f02-454d-8a15-26bbacbb6804", "isDeleted:":"true", "version":"1679894484731"}}
{"logTime": "0327/070221", "correlationVector":"BMfP824ZmGMKh7LQOOOH6/.177","action":"GetUpdates", "result":"DeleteReceived", "context":{"id":"f8ed37d9-09fb-4c40-a1b2-c57fce2a408b", "isDeleted:":"true", "version":"1679894484733"}}
{"logTime": "0327/070221", "correlationVector":"BMfP824ZmGMKh7LQOOOH6/.178","action":"GetUpdates", "result":"DeleteReceived", "context":{"id":"e15cf3a3-cd5a-46e0-95cd-e180916d8dcf", "isDeleted:":"true", "version":"1679894486464"}}
{"logTime": "0327/070221", "correlationVector":"BMfP824ZmGMKh7LQOOOH6/.179","action":"GetUpdates", "result":"DeleteReceived", "context":{"id":"73b29dcb-dbf1-4fa0-b3f4-aed43f176109", "isDeleted:":"true", "version":"1679894486466"}}
{"logTime": "0327/070221", "correlationVector":"BMfP824ZmGMKh7LQOOOH6/.180","action":"GetUpdates", "result":"DeleteReceived", "context":{"id":"198e0c44-463d-4397-9077-1cded8c32f2b", "isDeleted:":"true", "version":"1679894486467"}}
{"logTime": "0327/070221", "correlationVector":"BMfP824ZmGMKh7LQOOOH6/.181","action":"GetUpdates", "result":"DeleteReceived", "context":{"id":"47fa3938-186c-4a1b-94c2-4347f39ef0c8", "isDeleted:":"true", "version":"1679894486469"}}
{"logTime": "0327/070221", "correlationVector":"BMfP824ZmGMKh7LQOOOH6/.182","action":"GetUpdates", "result":"DeleteReceived", "context":{"id":"86eef269-9891-4f58-afed-a17ed6abe09c", "isDeleted:":"true", "version":"1679894486470"}}
{"logTime": "0327/070221", "correlationVector":"BMfP824ZmGMKh7LQOOOH6/.183","action":"GetUpdates", "result":"DeleteReceived", "context":{"id":"f998750d-2e4e-4652-9013-c3324a941b4d", "isDeleted:":"true", "version":"1679894486471"}}
{"logTime": "0327/070221", "correlationVector":"BMfP824ZmGMKh7LQOOOH6/.184","action":"GetUpdates", "result":"DeleteReceived", "context":{"id":"bd4c4088-864b-4e3a-b8cc-c7f1ba00d9f7", "isDeleted:":"true", "version":"1679894486473"}}
{"logTime": "0327/070221", "correlationVector":"BMfP824ZmGMKh7LQOOOH6/.185","action":"GetUpdates", "result":"DeleteReceived", "context":{"id":"7e28ee23-3aca-41af-b3a3-93e2927fbfe1", "isDeleted:":"true", "version":"1679894521910"}}
{"logTime": "0327/070221", "correlationVector":"BMfP824ZmGMKh7LQOOOH6/.186","action":"GetUpdates", "result":"DeleteReceived", "context":{"id":"09f2d6a1-32b3-499e-91e5-6d0db2375111", "isDeleted:":"true", "version":"1679894785471"}}
{"logTime": "0327/070221", "correlationVector":"BMfP824ZmGMKh7LQOOOH6/.187","action":"GetUpdates", "result":"DeleteReceived", "context":{"id":"14fd74a9-48af-4e0e-9dbc-8de99f387126", "isDeleted:":"true", "version":"1679897505885"}}
{"logTime": "0327/070221", "correlationVector":"BMfP824ZmGMKh7LQOOOH6/.188","action":"GetUpdates", "result":"DeleteReceived", "context":{"id":"cf9d5a48-3f73-4ffe-a9fc-e41dd7746f9e", "isDeleted:":"true", "version":"1679897505886"}}
{"logTime": "0327/070221", "correlationVector":"BMfP824ZmGMKh7LQOOOH6/.189","action":"GetUpdates", "result":"DeleteReceived", "context":{"id":"056c291d-33c9-4536-a6ac-5813e356b741", "isDeleted:":"true", "version":"1679897505888"}}
{"logTime": "0327/070221", "correlationVector":"BMfP824ZmGMKh7LQOOOH6/.190","action":"GetUpdates", "result":"DeleteReceived", "context":{"id":"5430a968-917a-4901-b637-40ee77072da8", "isDeleted:":"true", "version":"1679897505890"}}
{"logTime": "0327/070221", "correlationVector":"BMfP824ZmGMKh7LQOOOH6/.191","action":"GetUpdates", "result":"DeleteReceived", "context":{"id":"0246711b-251e-4aa0-9878-81a76b78f7f3", "isDeleted:":"true", "version":"1679897505892"}}
{"logTime": "0327/070221", "correlationVector":"BMfP824ZmGMKh7LQOOOH6/.192","action":"GetUpdates", "result":"DeleteReceived", "context":{"id":"431f0050-752a-4731-9be1-22d7561bd35f", "isDeleted:":"true", "version":"1679897505894"}}
{"logTime": "0327/070221", "correlationVector":"BMfP824ZmGMKh7LQOOOH6/.193","action":"GetUpdates", "result":"DeleteReceived", "context":{"id":"5cc05a6e-5219-4254-801a-993a3fa1370b", "isDeleted:":"true", "version":"1679897505900"}}
{"logTime": "0327/070221", "correlationVector":"BMfP824ZmGMKh7LQOOOH6/.194","action":"GetUpdates", "result":"DeleteReceived", "context":{"id":"adbb8d5a-1579-4f59-94dd-dec581228bd3", "isDeleted:":"true", "version":"1679897505902"}}
{"logTime": "0327/070221", "correlationVector":"BMfP824ZmGMKh7LQOOOH6/.195","action":"GetUpdates", "result":"DeleteReceived", "context":{"id":"119accf6-ea33-41c6-bcfe-4954120da080", "isDeleted:":"true", "version":"1679897505903"}}
{"logTime": "0327/070221", "correlationVector":"BMfP824ZmGMKh7LQOOOH6/.196","action":"GetUpdates", "result":"DeleteReceived", "context":{"id":"974a686f-e6da-4e63-a09a-5ce580cc4286", "isDeleted:":"true", "version":"1679897507050"}}
{"logTime": "0327/070221", "correlationVector":"BMfP824ZmGMKh7LQOOOH6/.197","action":"GetUpdates", "result":"DeleteReceived", "context":{"id":"1f974a19-b99d-48f0-952a-039d0e56e971", "isDeleted:":"true", "version":"1679897507053"}}
{"logTime": "0327/070221", "correlationVector":"BMfP824ZmGMKh7LQOOOH6/.198","action":"GetUpdates", "result":"DeleteReceived", "context":{"id":"693a6af1-91fb-444a-b515-b7ba5eed389d", "isDeleted:":"true", "version":"1679897507056"}}
{"logTime": "0327/070221", "correlationVector":"BMfP824ZmGMKh7LQOOOH6/.199","action":"GetUpdates", "result":"DeleteReceived", "context":{"id":"bb4ea30a-fd2e-4ad2-ae48-35b3d1abd53a", "isDeleted:":"true", "version":"1679897507057"}}
{"logTime": "0327/070221", "correlationVector":"BMfP824ZmGMKh7LQOOOH6/.200","action":"GetUpdates", "result":"DeleteReceived", "context":{"id":"c97bb847-aa15-4bef-9fff-84b69b6f68de", "isDeleted:":"true", "version":"1679897507058"}}
{"logTime": "0327/070221", "correlationVector":"BMfP824ZmGMKh7LQOOOH6/.201","action":"GetUpdates", "result":"DeleteReceived", "context":{"id":"659e99a4-9dee-4fe9-87c5-de39d2bafc8d", "isDeleted:":"true", "version":"1679900292466"}}
{"logTime": "0327/070221", "correlationVector":"BMfP824ZmGMKh7LQOOOH6/.202","action":"GetUpdates", "result":"DeleteReceived", "context":{"id":"0698bfb9-78b4-4e13-983f-19ee38d09c74", "isDeleted:":"true", "version":"1679900292467"}}
{"logTime": "0327/070221", "correlationVector":"BMfP824ZmGMKh7LQOOOH6/.203","action":"GetUpdates", "result":"DeleteReceived", "context":{"id":"208ca01e-dbb4-4884-994f-3599d7569c8a", "isDeleted:":"true", "version":"1679900292468"}}
{"logTime": "0327/070221", "correlationVector":"BMfP824ZmGMKh7LQOOOH6/.204","action":"GetUpdates Response", "result":"SERVER_MORE_TO_DOWNLOAD", "context":Received 250 update(s).  Some updates remain.}
{"logTime": "0327/070221", "correlationVector":"R4mghFkimFAgG6EWE5Pejy","action":"Normal GetUpdate request", "result":"", "context":cV=R4mghFkimFAgG6EWE5Pejy
Nudged types: Sessions, User Consents
Refresh requested types: Bookmarks, Preferences, Autofill Custom Data, Typed URLs, Extensions, Sessions, Extension settings, History Delete Directives, Device Info, User Consents, Send Tab To Self, Web Apps, Collection, Edge E Drop, Encryption Keys}
{"logTime": "0327/070221", "correlationVector":"R4mghFkimFAgG6EWE5Pejy.1","action":"SyncServerConnectionManagerRequest", "result":"SYNC_SERVER_OK", "context":{"environment":"Prod_NorthEurope_000h", "migrationStage":"NotStarted", "server":"GENERAL01000006"}}
{"logTime": "0327/070221", "correlationVector":"R4mghFkimFAgG6EWE5Pejy.2","action":"GetUpdates Response", "result":"SYNCER_OK", "context":Received 5 update(s). cV=R4mghFkimFAgG6EWE5Pejy.0;server=GENERAL01000006;cloudType=Consumer;environment=Prod_NorthEurope_000h;migrationStage=NotStarted}
{"logTime": "0327/070221", "correlationVector":"SXfAnhD0GxTT5+kUZqa6ZC","action":"Commit Request", "result":"", "context":Item count: 1
Contributing types: Sessions}
{"logTime": "0327/070225", "correlationVector":"SXfAnhD0GxTT5+kUZqa6ZC.1","action":"SyncServerConnectionManagerRequest", "result":"SYNC_SERVER_OK", "context":{"environment":"Prod_NorthEurope_000h", "migrationStage":"NotStarted", "server":"GENERAL0100001R"}}
{"logTime": "0327/070225", "correlationVector":"SXfAnhD0GxTT5+kUZqa6ZC.2","action":"Commit Response", "result":"SYNCER_OK", "context":Result: SYNCER_OK. cV=SXfAnhD0GxTT5+kUZqa6ZC.0;server=GENERAL0100001R;cloudType=Consumer;environment=Prod_NorthEurope_000h;migrationStage=NotStarted}
{"logTime": "0327/070225", "correlationVector":"fp4eFEJhFtHgMFK8akD6/i","action":"Initial GetUpdates", "result":"", "context":Reason: NEWLY_SUPPORTED_DATATYPE. cV=fp4eFEJhFtHgMFK8akD6/i}
{"logTime": "0327/070229", "correlationVector":"fp4eFEJhFtHgMFK8akD6/i.1","action":"SyncServerConnectionManagerRequest", "result":"SYNC_SERVER_OK", "context":{"environment":"Prod_NorthEurope_x00f", "migrationStage":"NotStarted", "server":"GENERAL0100001C"}}
{"logTime": "0327/070229", "correlationVector":"fp4eFEJhFtHgMFK8akD6/i.2","action":"GetUpdates", "result":"DeleteReceived", "context":{"id":"d8db742d-dad1-48a8-9c97-1bc9a41134c5", "isDeleted:":"true", "version":"1676349984911"}}
{"logTime": "0327/070229", "correlationVector":"fp4eFEJhFtHgMFK8akD6/i.3","action":"GetUpdates", "result":"DeleteReceived", "context":{"id":"bf21bf1c-8aeb-4e24-a7a9-f0ebc4cf3824", "isDeleted:":"true", "version":"1676349985591"}}
{"logTime": "0327/070229", "correlationVector":"fp4eFEJhFtHgMFK8akD6/i.4","action":"GetUpdates", "result":"DeleteReceived", "context":{"id":"7ff1378d-8613-4b8e-98c5-3593d2311e65", "isDeleted:":"true", "version":"1676349987496"}}
{"logTime": "0327/070229", "correlationVector":"fp4eFEJhFtHgMFK8akD6/i.5","action":"GetUpdates", "result":"DeleteReceived", "context":{"id":"fb432d96-d3dc-4cd4-802e-2d93648844a0", "isDeleted:":"true", "version":"1676349988295"}}
{"logTime": "0327/070229", "correlationVector":"fp4eFEJhFtHgMFK8akD6/i.6","action":"GetUpdates", "result":"DeleteReceived", "context":{"id":"8e833d90-df51-4e56-8bbe-5967a19f28bd", "isDeleted:":"true", "version":"1676349988851"}}
{"logTime": "0327/070229", "correlationVector":"fp4eFEJhFtHgMFK8akD6/i.7","action":"GetUpdates", "result":"DeleteReceived", "context":{"id":"dea02489-841c-4bfa-b80e-9d0f87dbdfcd", "isDeleted:":"true", "version":"1676349989388"}}
{"logTime": "0327/070229", "correlationVector":"fp4eFEJhFtHgMFK8akD6/i.8","action":"GetUpdates", "result":"DeleteReceived", "context":{"id":"504546ae-4738-4f75-abc4-4a4408a204b4", "isDeleted:":"true", "version":"1676349990096"}}
{"logTime": "0327/070229", "correlationVector":"fp4eFEJhFtHgMFK8akD6/i.9","action":"GetUpdates", "result":"DeleteReceived", "context":{"id":"041b22b9-80b6-4abe-aeff-46b5e450e44e", "isDeleted:":"true", "version":"1676349991056"}}
{"logTime": "0327/070229", "correlationVector":"fp4eFEJhFtHgMFK8akD6/i.10","action":"GetUpdates", "result":"DeleteReceived", "context":{"id":"5350358b-afab-4af4-89f6-cc1680bbde84", "isDeleted:":"true", "version":"1676350082806"}}
{"logTime": "0327/070229", "correlationVector":"fp4eFEJhFtHgMFK8akD6/i.11","action":"GetUpdates", "result":"DeleteReceived", "context":{"id":"3194059f-9a72-457d-a032-6adf6fdf9c88", "isDeleted:":"true", "version":"1676350090459"}}
{"logTime": "0327/070229", "correlationVector":"fp4eFEJhFtHgMFK8akD6/i.12","action":"GetUpdates", "result":"DeleteReceived", "context":{"id":"3c15768b-16ef-4cb6-9112-d8e3d4e5da50", "isDeleted:":"true", "version":"1676350091096"}}
{"logTime": "0327/070229", "correlationVector":"fp4eFEJhFtHgMFK8akD6/i.13","action":"GetUpdates", "result":"DeleteReceived", "context":{"id":"7026e906-b140-4748-94b5-e16bfb93eba6", "isDeleted:":"true", "version":"1676350091696"}}
{"logTime": "0327/070229", "correlationVector":"fp4eFEJhFtHgMFK8akD6/i.14","action":"GetUpdates", "result":"DeleteReceived", "context":{"id":"d930a7f4-bcec-4fc3-bcb0-6347badf02f0", "isDeleted:":"true", "version":"1676350092578"}}
{"logTime": "0327/070229", "correlationVector":"fp4eFEJhFtHgMFK8akD6/i.15","action":"GetUpdates", "result":"DeleteReceived", "context":{"id":"5998bc8a-ebab-41bc-b9bf-9a47d72324b6", "isDeleted:":"true", "version":"1676350094667"}}
{"logTime": "0327/070229", "correlationVector":"fp4eFEJhFtHgMFK8akD6/i.16","action":"GetUpdates", "result":"DeleteReceived", "context":{"id":"c00335fe-e818-4054-b7ce-d9987cc2c813", "isDeleted:":"true", "version":"1676350095272"}}
{"logTime": "0327/070229", "correlationVector":"fp4eFEJhFtHgMFK8akD6/i.17","action":"GetUpdates", "result":"DeleteReceived", "context":{"id":"af2eef9a-23cf-49e8-8995-0671fcb843c3", "isDeleted:":"true", "version":"1676350257414"}}
{"logTime": "0327/070229", "correlationVector":"fp4eFEJhFtHgMFK8akD6/i.18","action":"GetUpdates", "result":"DeleteReceived", "context":{"id":"10e461d3-b643-4871-859b-788a56a0eaa0", "isDeleted:":"true", "version":"1676350258054"}}
{"logTime": "0327/070229", "correlationVector":"fp4eFEJhFtHgMFK8akD6/i.19","action":"GetUpdates", "result":"DeleteReceived", "context":{"id":"77a5bc74-db3f-4555-97ac-086ee3ab675c", "isDeleted:":"true", "version":"1676350258593"}}
{"logTime": "0327/070229", "correlationVector":"fp4eFEJhFtHgMFK8akD6/i.20","action":"GetUpdates", "result":"DeleteReceived", "context":{"id":"8274357f-bb73-40bc-b790-d6e2f3f6022a", "isDeleted:":"true", "version":"1676350261132"}}
{"logTime": "0327/070229", "correlationVector":"fp4eFEJhFtHgMFK8akD6/i.21","action":"GetUpdates", "result":"DeleteReceived", "context":{"id":"e380083a-4ba1-478d-8eb9-e8dbe651fcb7", "isDeleted:":"true", "version":"1676350261649"}}
{"logTime": "0327/070229", "correlationVector":"fp4eFEJhFtHgMFK8akD6/i.22","action":"GetUpdates", "result":"DeleteReceived", "context":{"id":"500ed2dc-8413-4f4b-90f9-971841bf4cee", "isDeleted:":"true", "version":"1676350262252"}}
{"logTime": "0327/070229", "correlationVector":"fp4eFEJhFtHgMFK8akD6/i.23","action":"GetUpdates", "result":"DeleteReceived", "context":{"id":"f0f93c1a-3f92-487f-b2cf-202ac9e7ca2d", "isDeleted:":"true", "version":"1676350263683"}}
{"logTime": "0327/070229", "correlationVector":"fp4eFEJhFtHgMFK8akD6/i.24","action":"GetUpdates", "result":"DeleteReceived", "context":{"id":"cf01ea38-74bb-4f86-8288-9bc6237cf5ff", "isDeleted:":"true", "version":"1676350264398"}}
{"logTime": "0327/070229", "correlationVector":"fp4eFEJhFtHgMFK8akD6/i.25","action":"GetUpdates", "result":"DeleteReceived", "context":{"id":"69aa0813-2d40-4439-a9d0-67914155c8a3", "isDeleted:":"true", "version":"1676350265036"}}
{"logTime": "0327/070229", "correlationVector":"fp4eFEJhFtHgMFK8akD6/i.26","action":"GetUpdates", "result":"DeleteReceived", "context":{"id":"e692aa41-0a4c-464d-8613-cfff8c7a9bcb", "isDeleted:":"true", "version":"1676350265973"}}
{"logTime": "0327/070229", "correlationVector":"fp4eFEJhFtHgMFK8akD6/i.27","action":"GetUpdates", "result":"DeleteReceived", "context":{"id":"b8238fac-86fb-47d1-b7f3-cb2143ffb7d7", "isDeleted:":"true", "version":"1676350266985"}}
{"logTime": "0327/070229", "correlationVector":"fp4eFEJhFtHgMFK8akD6/i.28","action":"GetUpdates", "result":"DeleteReceived", "context":{"id":"057326ab-ecf9-4ba9-b910-763d01fc178e", "isDeleted:":"true", "version":"1676350268234"}}
{"logTime": "0327/070229", "correlationVector":"fp4eFEJhFtHgMFK8akD6/i.29","action":"GetUpdates", "result":"DeleteReceived", "context":{"id":"413a53b5-4762-4c13-a059-fc87e9b991ea", "isDeleted:":"true", "version":"1676350268903"}}
{"logTime": "0327/070229", "correlationVector":"fp4eFEJhFtHgMFK8akD6/i.30","action":"GetUpdates", "result":"DeleteReceived", "context":{"id":"bf725b56-85ae-41b4-909c-c4c1a0bc0a3d", "isDeleted:":"true", "version":"1676350269565"}}
{"logTime": "0327/070229", "correlationVector":"fp4eFEJhFtHgMFK8akD6/i.31","action":"GetUpdates", "result":"DeleteReceived", "context":{"id":"b2906f55-eb92-4e33-9048-03bbce41b0d9", "isDeleted:":"true", "version":"1676350270984"}}
{"logTime": "0327/070229", "correlationVector":"fp4eFEJhFtHgMFK8akD6/i.32","action":"GetUpdates", "result":"DeleteReceived", "context":{"id":"a238d58f-338e-4f77-ab28-45e1996784bc", "isDeleted:":"true", "version":"1676350271657"}}
{"logTime": "0327/070229", "correlationVector":"fp4eFEJhFtHgMFK8akD6/i.33","action":"GetUpdates", "result":"DeleteReceived", "context":{"id":"774e2dd3-d419-44b6-9d08-616c43cb6c5a", "isDeleted:":"true", "version":"1676350331822"}}
{"logTime": "0327/070229", "correlationVector":"fp4eFEJhFtHgMFK8akD6/i.34","action":"GetUpdates", "result":"DeleteReceived", "context":{"id":"849b47ec-5444-4129-ab66-7452d496ef58", "isDeleted:":"true", "version":"1676350332594"}}
{"logTime": "0327/070229", "correlationVector":"fp4eFEJhFtHgMFK8akD6/i.35","action":"GetUpdates", "result":"DeleteReceived", "context":{"id":"9c0d700f-7897-4229-ac33-c6774bd23d45", "isDeleted:":"true", "version":"1676350333257"}}
{"logTime": "0327/070229", "correlationVector":"fp4eFEJhFtHgMFK8akD6/i.36","action":"GetUpdates", "result":"DeleteReceived", "context":{"id":"4c75d935-ed93-4063-8742-b41b8efedf8a", "isDeleted:":"true", "version":"1676350333791"}}
{"logTime": "0327/070229", "correlationVector":"fp4eFEJhFtHgMFK8akD6/i.37","action":"GetUpdates", "result":"DeleteReceived", "context":{"id":"0827c7f7-2f4d-493b-ad8c-47102f725eb7", "isDeleted:":"true", "version":"1676350334833"}}
{"logTime": "0327/070229", "correlationVector":"fp4eFEJhFtHgMFK8akD6/i.38","action":"GetUpdates", "result":"DeleteReceived", "context":{"id":"1b075101-ec06-4065-9eef-b2237e4eccf6", "isDeleted:":"true", "version":"1676350335924"}}
{"logTime": "0327/070229", "correlationVector":"fp4eFEJhFtHgMFK8akD6/i.39","action":"GetUpdates", "result":"DeleteReceived", "context":{"id":"cd4cb9c7-0f49-489a-8fb9-21364c452cc4", "isDeleted:":"true", "version":"1676350337064"}}
{"logTime": "0327/070229", "correlationVector":"fp4eFEJhFtHgMFK8akD6/i.40","action":"GetUpdates", "result":"DeleteReceived", "context":{"id":"e5f50eb2-937c-406f-81b8-dfd478f56cbc", "isDeleted:":"true", "version":"1676350338094"}}
{"logTime": "0327/070229", "correlationVector":"fp4eFEJhFtHgMFK8akD6/i.41","action":"GetUpdates", "result":"DeleteReceived", "context":{"id":"81d1bbf5-44c9-4a2a-9abf-393c7db7a98d", "isDeleted:":"true", "version":"1676350383271"}}
{"logTime": "0327/070229", "correlationVector":"fp4eFEJhFtHgMFK8akD6/i.42","action":"GetUpdates Response", "result":"SERVER_MORE_TO_DOWNLOAD", "context":Received 249 update(s).  Some updates remain.}
{"logTime": "0327/070229", "correlationVector":"DQhjQrdlbAripuaNyQ/IZ9","action":"Initial GetUpdates", "result":"", "context":Reason: NEWLY_SUPPORTED_DATATYPE. cV=DQhjQrdlbAripuaNyQ/IZ9}
{"logTime": "0327/070244", "correlationVector":"DQhjQrdlbAripuaNyQ/IZ9.1","action":"SyncServerConnectionManagerRequest", "result":"SYNC_SERVER_OK", "context":{"environment":"Prod_NorthEurope_000h", "migrationStage":"NotStarted", "server":"GENERAL0100000X"}}
{"logTime": "0327/070244", "correlationVector":"DQhjQrdlbAripuaNyQ/IZ9.2","action":"GetUpdates Response", "result":"SERVER_MORE_TO_DOWNLOAD", "context":Received 250 update(s).  Some updates remain.}
{"logTime": "0327/070244", "correlationVector":"qJNIiYSfJyytjzzFsxQDtL","action":"Initial GetUpdates", "result":"", "context":Reason: NEWLY_SUPPORTED_DATATYPE. cV=qJNIiYSfJyytjzzFsxQDtL}
{"logTime": "0327/070253", "correlationVector":"qJNIiYSfJyytjzzFsxQDtL.1","action":"SyncServerConnectionManagerRequest", "result":"SYNC_SERVER_OK", "context":{"environment":"Prod_NorthEurope_000h", "migrationStage":"NotStarted", "server":"general0100000W"}}
{"logTime": "0327/070253", "correlationVector":"qJNIiYSfJyytjzzFsxQDtL.2","action":"GetUpdates", "result":"DeleteReceived", "context":{"id":"1eebea2f-d87a-4bdb-b5fc-f7d3f5fc5c76", "isDeleted:":"true", "version":"1676708716808"}}
{"logTime": "0327/070253", "correlationVector":"qJNIiYSfJyytjzzFsxQDtL.3","action":"GetUpdates", "result":"DeleteReceived", "context":{"id":"612d3de5-d6ed-47c8-b60f-12145324bb22", "isDeleted:":"true", "version":"1676789337871"}}
{"logTime": "0327/070253", "correlationVector":"qJNIiYSfJyytjzzFsxQDtL.4","action":"GetUpdates Response", "result":"SYNCER_OK", "context":Received 192 update(s). cV=qJNIiYSfJyytjzzFsxQDtL.0;server=general0100000W;cloudType=Consumer;environment=Prod_NorthEurope_000h;migrationStage=NotStarted}
{"logTime": "0327/070254", "correlationVector":"pBpUpY8fVPahsb/l7j4me4","action":"Normal GetUpdate request", "result":"", "context":cV=pBpUpY8fVPahsb/l7j4me4
Nudged types: Sessions
Refresh requested types: Bookmarks, Preferences, Passwords, Autofill Profiles, Autofill, Autofill Custom Data, Typed URLs, Extensions, Sessions, Extension settings, History Delete Directives, Device Info, User Consents, Send Tab To Self, Web Apps, Collection, Edge E Drop, Encryption Keys}
{"logTime": "0327/070302", "correlationVector":"pBpUpY8fVPahsb/l7j4me4.1","action":"SyncServerConnectionManagerRequest", "result":"SYNC_SERVER_OK", "context":{"environment":"Prod_WestEurope_x00e", "migrationStage":"NotStarted", "server":"general0100001K"}}
{"logTime": "0327/070302", "correlationVector":"pBpUpY8fVPahsb/l7j4me4.2","action":"GetUpdates Response", "result":"SYNCER_OK", "context":Received 8 update(s). cV=pBpUpY8fVPahsb/l7j4me4.0;server=general0100001K;cloudType=Consumer;environment=Prod_WestEurope_x00e;migrationStage=NotStarted}
{"logTime": "0327/070302", "correlationVector":"y2fnitVDa0DCjbldpCSnIW","action":"Commit Request", "result":"", "context":Item count: 2
Contributing types: Sessions}
{"logTime": "0327/070311", "correlationVector":"y2fnitVDa0DCjbldpCSnIW.1","action":"SyncServerConnectionManagerRequest", "result":"SYNC_SERVER_OK", "context":{"environment":"Prod_NorthEurope_000h", "migrationStage":"NotStarted", "server":"GENERAL01000002"}}
{"logTime": "0327/070311", "correlationVector":"y2fnitVDa0DCjbldpCSnIW.3","action":"Commit.Sessions", "result":"Success", "context":{"id":"55923a06-192e-49ce-a6bd-3e3f1174afcf", "isDeleted":"true", "size":"0", "version":"1679900527021"}}
{"logTime": "0327/070311", "correlationVector":"y2fnitVDa0DCjbldpCSnIW.2","action":"Commit Response", "result":"SYNCER_OK", "context":Result: SYNCER_OK. cV=y2fnitVDa0DCjbldpCSnIW.0;server=GENERAL01000002;cloudType=Consumer;environment=Prod_NorthEurope_000h;migrationStage=NotStarted}
{"logTime": "0327/070341", "correlationVector":"v4FsWz8C1XIQlGJ0ywWc1F","action":"Commit Request", "result":"", "context":Item count: 1
Contributing types: Sessions}
{"logTime": "0327/070351", "correlationVector":"v4FsWz8C1XIQlGJ0ywWc1F.1","action":"SyncServerConnectionManagerRequest", "result":"SYNC_SERVER_OK", "context":{"environment":"Prod_NorthEurope_000h", "migrationStage":"NotStarted", "server":"GENERAL0100000P"}}
{"logTime": "0327/070351", "correlationVector":"v4FsWz8C1XIQlGJ0ywWc1F.2","action":"Commit Response", "result":"SYNCER_OK", "context":Result: SYNCER_OK. cV=v4FsWz8C1XIQlGJ0ywWc1F.0;server=GENERAL0100000P;cloudType=Consumer;environment=Prod_NorthEurope_000h;migrationStage=NotStarted}
{"logTime": "0327/070421", "correlationVector":"s8k7Cfw3FZVN81dLBnFfWU","action":"Commit Request", "result":"", "context":Item count: 3
Contributing types: Sessions}
{"logTime": "0327/070429", "correlationVector":"s8k7Cfw3FZVN81dLBnFfWU.1","action":"SyncServerConnectionManagerRequest", "result":"SYNC_SERVER_OK", "context":{"environment":"Prod_NorthEurope_000h", "migrationStage":"NotStarted", "server":"GENERAL0100001T"}}
{"logTime": "0327/070429", "correlationVector":"s8k7Cfw3FZVN81dLBnFfWU.2","action":"Commit Response", "result":"SYNCER_OK", "context":Result: SYNCER_OK. cV=s8k7Cfw3FZVN81dLBnFfWU.0;server=GENERAL0100001T;cloudType=Consumer;environment=Prod_NorthEurope_000h;migrationStage=NotStarted}
{"logTime": "0327/070429", "correlationVector":"s8k7Cfw3FZVN81dLBnFfWU.3","action":"Commit.Sessions", "result":"Success", "context":{"id":"3eab129d-1378-4df4-9e4f-b97f190ed346", "isDeleted":"true", "size":"0", "version":"1679900541901"}}
{"logTime": "0327/070522", "correlationVector":"xhUb+60hVnPSydCnyIPetv","action":"Commit Request", "result":"", "context":Item count: 1
Contributing types: Sessions}
{"logTime": "0327/070523", "correlationVector":"xhUb+60hVnPSydCnyIPetv.1","action":"SyncServerConnectionManagerRequest", "result":"SYNC_SERVER_OK", "context":{"environment":"Prod_NorthEurope_000h", "migrationStage":"NotStarted", "server":"GENERAL0100002O"}}
{"logTime": "0327/070523", "correlationVector":"xhUb+60hVnPSydCnyIPetv.2","action":"Commit Response", "result":"SYNCER_OK", "context":Result: SYNCER_OK. cV=xhUb+60hVnPSydCnyIPetv.0;server=GENERAL0100002O;cloudType=Consumer;environment=Prod_NorthEurope_000h;migrationStage=NotStarted}
